<?xml version="1.0" encoding="UTF-8"?>
<testsuite xmlns:xsi="http://www.w3.org/2001/XMLSchema-instance" xsi:noNamespaceSchemaLocation="https://maven.apache.org/surefire/maven-surefire-plugin/xsd/surefire-test-report.xsd" name="com.revature.wordsaway.services.TokenServiceTest" time="3.035" tests="4" errors="0" skipped="0" failures="0">
  <properties>
[...]
</properties>
  <testcase name="test_extractRequesterDetails_NoToken_fail" classname="com.revature.wordsaway.services.TokenServiceTest" time="1.947"/>
  <testcase name="test_generateToken_Succeed" classname="com.revature.wordsaway.services.TokenServiceTest" time="0.95"/>
  <testcase name="test_extractRequesterDetails_fail" classname="com.revature.wordsaway.services.TokenServiceTest" time="0.03"/>
  <testcase name="test_extractRequesterDetails_succeed" classname="com.revature.wordsaway.services.TokenServiceTest" time="0.051"/>
</testsuite>