<?xml version="1.0" encoding="UTF-8"?>
<testsuite xmlns:xsi="http://www.w3.org/2001/XMLSchema-instance" xsi:noNamespaceSchemaLocation="https://maven.apache.org/surefire/maven-surefire-plugin/xsd/surefire-test-report.xsd" name="com.revature.wordsaway.services.BoardServiceTest" time="16.277" tests="3587" errors="0" skipped="0" failures="0">
  <properties>
[...]
</properties>
  <testcase name="test_endGame_succeed" classname="com.revature.wordsaway.services.BoardServiceTest" time="0.751"/>
  <testcase name="test_getByID_succeed" classname="com.revature.wordsaway.services.BoardServiceTest" time="0.019"/>
  <testcase name="test_calculateELO_WinWithLessELO_succeed" classname="com.revature.wordsaway.services.BoardServiceTest" time="0.004"/>
  <testcase name="test_register_succeed" classname="com.revature.wordsaway.services.BoardServiceTest" time="0.044"/>
  <testcase name="test_validateMove_TwoAsteriskSameRowMoveOnBlankBoard_fail{RepetitionInfo}[1]" classname="com.revature.wordsaway.services.BoardServiceTest" time="0.031"/>
  <testcase name="test_validateMove_TwoAsteriskSameRowMoveOnBlankBoard_fail{RepetitionInfo}[2]" classname="com.revature.wordsaway.services.BoardServiceTest" time="0.011"/>
  <testcase name="test_validateMove_TwoAsteriskSameRowMoveOnBlankBoard_fail{RepetitionInfo}[3]" classname="com.revature.wordsaway.services.BoardServiceTest" time="0.015"/>
  <testcase name="test_validateMove_TwoAsteriskSameRowMoveOnBlankBoard_fail{RepetitionInfo}[4]" classname="com.revature.wordsaway.services.BoardServiceTest" time="0.008"/>
  <testcase name="test_validateMove_TwoAsteriskSameRowMoveOnBlankBoard_fail{RepetitionInfo}[5]" classname="com.revature.wordsaway.services.BoardServiceTest" time="0.009"/>
  <testcase name="test_validateMove_TwoAsteriskSameRowMoveOnBlankBoard_fail{RepetitionInfo}[6]" classname="com.revature.wordsaway.services.BoardServiceTest" time="0.01"/>
  <testcase name="test_validateMove_TwoAsteriskSameRowMoveOnBlankBoard_fail{RepetitionInfo}[7]" classname="com.revature.wordsaway.services.BoardServiceTest" time="0.01"/>
  <testcase name="test_validateMove_TwoAsteriskSameRowMoveOnBlankBoard_fail{RepetitionInfo}[8]" classname="com.revature.wordsaway.services.BoardServiceTest" time="0.009"/>
  <testcase name="test_validateMove_TwoAsteriskSameRowMoveOnBlankBoard_fail{RepetitionInfo}[9]" classname="com.revature.wordsaway.services.BoardServiceTest" time="0.028"/>
  <testcase name="test_validateMove_TwoAsteriskSameRowMoveOnBlankBoard_fail{RepetitionInfo}[10]" classname="com.revature.wordsaway.services.BoardServiceTest" time="0.02"/>
  <testcase name="test_validateMove_TwoAsteriskSameRowMoveOnBlankBoard_fail{RepetitionInfo}[11]" classname="com.revature.wordsaway.services.BoardServiceTest" time="0.015"/>
  <testcase name="test_validateMove_TwoAsteriskSameRowMoveOnBlankBoard_fail{RepetitionInfo}[12]" classname="com.revature.wordsaway.services.BoardServiceTest" time="0.017"/>
  <testcase name="test_validateMove_TwoAsteriskSameRowMoveOnBlankBoard_fail{RepetitionInfo}[13]" classname="com.revature.wordsaway.services.BoardServiceTest" time="0.008"/>
  <testcase name="test_validateMove_TwoAsteriskSameRowMoveOnBlankBoard_fail{RepetitionInfo}[14]" classname="com.revature.wordsaway.services.BoardServiceTest" time="0.007"/>
  <testcase name="test_validateMove_TwoAsteriskSameRowMoveOnBlankBoard_fail{RepetitionInfo}[15]" classname="com.revature.wordsaway.services.BoardServiceTest" time="0.006"/>
  <testcase name="test_validateMove_TwoAsteriskSameRowMoveOnBlankBoard_fail{RepetitionInfo}[16]" classname="com.revature.wordsaway.services.BoardServiceTest" time="0.002"/>
  <testcase name="test_validateMove_TwoAsteriskSameRowMoveOnBlankBoard_fail{RepetitionInfo}[17]" classname="com.revature.wordsaway.services.BoardServiceTest" time="0.008"/>
  <testcase name="test_validateMove_TwoAsteriskSameRowMoveOnBlankBoard_fail{RepetitionInfo}[18]" classname="com.revature.wordsaway.services.BoardServiceTest" time="0.014"/>
  <testcase name="test_validateMove_TwoAsteriskSameRowMoveOnBlankBoard_fail{RepetitionInfo}[19]" classname="com.revature.wordsaway.services.BoardServiceTest" time="0.005"/>
  <testcase name="test_validateMove_TwoAsteriskSameRowMoveOnBlankBoard_fail{RepetitionInfo}[20]" classname="com.revature.wordsaway.services.BoardServiceTest" time="0.015"/>
  <testcase name="test_validateMove_TwoAsteriskSameRowMoveOnBlankBoard_fail{RepetitionInfo}[21]" classname="com.revature.wordsaway.services.BoardServiceTest" time="0.012"/>
  <testcase name="test_validateMove_TwoAsteriskSameRowMoveOnBlankBoard_fail{RepetitionInfo}[22]" classname="com.revature.wordsaway.services.BoardServiceTest" time="0.011"/>
  <testcase name="test_validateMove_TwoAsteriskSameRowMoveOnBlankBoard_fail{RepetitionInfo}[23]" classname="com.revature.wordsaway.services.BoardServiceTest" time="0.012"/>
  <testcase name="test_validateMove_TwoAsteriskSameRowMoveOnBlankBoard_fail{RepetitionInfo}[24]" classname="com.revature.wordsaway.services.BoardServiceTest" time="0.01"/>
  <testcase name="test_validateMove_TwoAsteriskSameRowMoveOnBlankBoard_fail{RepetitionInfo}[25]" classname="com.revature.wordsaway.services.BoardServiceTest" time="0.006"/>
  <testcase name="test_validateMove_TwoAsteriskSameRowMoveOnBlankBoard_fail{RepetitionInfo}[26]" classname="com.revature.wordsaway.services.BoardServiceTest" time="0.006"/>
  <testcase name="test_validateMove_TwoAsteriskSameRowMoveOnBlankBoard_fail{RepetitionInfo}[27]" classname="com.revature.wordsaway.services.BoardServiceTest" time="0.007"/>
  <testcase name="test_validateMove_TwoAsteriskSameRowMoveOnBlankBoard_fail{RepetitionInfo}[28]" classname="com.revature.wordsaway.services.BoardServiceTest" time="0.012"/>
  <testcase name="test_validateMove_TwoAsteriskSameRowMoveOnBlankBoard_fail{RepetitionInfo}[29]" classname="com.revature.wordsaway.services.BoardServiceTest" time="0.008"/>
  <testcase name="test_validateMove_TwoAsteriskSameRowMoveOnBlankBoard_fail{RepetitionInfo}[30]" classname="com.revature.wordsaway.services.BoardServiceTest" time="0.006"/>
  <testcase name="test_validateMove_TwoAsteriskSameRowMoveOnBlankBoard_fail{RepetitionInfo}[31]" classname="com.revature.wordsaway.services.BoardServiceTest" time="0.007"/>
  <testcase name="test_validateMove_TwoAsteriskSameRowMoveOnBlankBoard_fail{RepetitionInfo}[32]" classname="com.revature.wordsaway.services.BoardServiceTest" time="0.001"/>
  <testcase name="test_validateMove_TwoAsteriskSameRowMoveOnBlankBoard_fail{RepetitionInfo}[33]" classname="com.revature.wordsaway.services.BoardServiceTest" time="0.006"/>
  <testcase name="test_validateMove_TwoAsteriskSameRowMoveOnBlankBoard_fail{RepetitionInfo}[34]" classname="com.revature.wordsaway.services.BoardServiceTest" time="0.006"/>
  <testcase name="test_validateMove_TwoAsteriskSameRowMoveOnBlankBoard_fail{RepetitionInfo}[35]" classname="com.revature.wordsaway.services.BoardServiceTest" time="0.006"/>
  <testcase name="test_validateMove_TwoAsteriskSameRowMoveOnBlankBoard_fail{RepetitionInfo}[36]" classname="com.revature.wordsaway.services.BoardServiceTest" time="0.004"/>
  <testcase name="test_validateMove_TwoAsteriskSameRowMoveOnBlankBoard_fail{RepetitionInfo}[37]" classname="com.revature.wordsaway.services.BoardServiceTest" time="0.006"/>
  <testcase name="test_validateMove_TwoAsteriskSameRowMoveOnBlankBoard_fail{RepetitionInfo}[38]" classname="com.revature.wordsaway.services.BoardServiceTest" time="0.005"/>
  <testcase name="test_validateMove_TwoAsteriskSameRowMoveOnBlankBoard_fail{RepetitionInfo}[39]" classname="com.revature.wordsaway.services.BoardServiceTest" time="0.008"/>
  <testcase name="test_validateMove_TwoAsteriskSameRowMoveOnBlankBoard_fail{RepetitionInfo}[40]" classname="com.revature.wordsaway.services.BoardServiceTest" time="0.006"/>
  <testcase name="test_validateMove_TwoAsteriskSameRowMoveOnBlankBoard_fail{RepetitionInfo}[41]" classname="com.revature.wordsaway.services.BoardServiceTest" time="0.005"/>
  <testcase name="test_validateMove_TwoAsteriskSameRowMoveOnBlankBoard_fail{RepetitionInfo}[42]" classname="com.revature.wordsaway.services.BoardServiceTest" time="0.005"/>
  <testcase name="test_validateMove_TwoAsteriskSameRowMoveOnBlankBoard_fail{RepetitionInfo}[43]" classname="com.revature.wordsaway.services.BoardServiceTest" time="0.004"/>
  <testcase name="test_validateMove_TwoAsteriskSameRowMoveOnBlankBoard_fail{RepetitionInfo}[44]" classname="com.revature.wordsaway.services.BoardServiceTest" time="0.005"/>
  <testcase name="test_validateMove_TwoAsteriskSameRowMoveOnBlankBoard_fail{RepetitionInfo}[45]" classname="com.revature.wordsaway.services.BoardServiceTest" time="0.008"/>
  <testcase name="test_validateMove_TwoAsteriskSameRowMoveOnBlankBoard_fail{RepetitionInfo}[46]" classname="com.revature.wordsaway.services.BoardServiceTest" time="0.01"/>
  <testcase name="test_validateMove_TwoAsteriskSameRowMoveOnBlankBoard_fail{RepetitionInfo}[47]" classname="com.revature.wordsaway.services.BoardServiceTest" time="0.016"/>
  <testcase name="test_validateMove_TwoAsteriskSameRowMoveOnBlankBoard_fail{RepetitionInfo}[48]" classname="com.revature.wordsaway.services.BoardServiceTest" time="0.004"/>
  <testcase name="test_validateMove_TwoAsteriskSameRowMoveOnBlankBoard_fail{RepetitionInfo}[49]" classname="com.revature.wordsaway.services.BoardServiceTest" time="0.005"/>
  <testcase name="test_validateMove_TwoAsteriskSameRowMoveOnBlankBoard_fail{RepetitionInfo}[50]" classname="com.revature.wordsaway.services.BoardServiceTest" time="0.006"/>
  <testcase name="test_validateMove_TwoAsteriskSameRowMoveOnBlankBoard_fail{RepetitionInfo}[51]" classname="com.revature.wordsaway.services.BoardServiceTest" time="0.007"/>
  <testcase name="test_validateMove_TwoAsteriskSameRowMoveOnBlankBoard_fail{RepetitionInfo}[52]" classname="com.revature.wordsaway.services.BoardServiceTest" time="0.005"/>
  <testcase name="test_validateMove_TwoAsteriskSameRowMoveOnBlankBoard_fail{RepetitionInfo}[53]" classname="com.revature.wordsaway.services.BoardServiceTest" time="0.008"/>
  <testcase name="test_validateMove_TwoAsteriskSameRowMoveOnBlankBoard_fail{RepetitionInfo}[54]" classname="com.revature.wordsaway.services.BoardServiceTest" time="0.009"/>
  <testcase name="test_validateMove_TwoAsteriskSameRowMoveOnBlankBoard_fail{RepetitionInfo}[55]" classname="com.revature.wordsaway.services.BoardServiceTest" time="0.005"/>
  <testcase name="test_validateMove_TwoAsteriskSameRowMoveOnBlankBoard_fail{RepetitionInfo}[56]" classname="com.revature.wordsaway.services.BoardServiceTest" time="0.008"/>
  <testcase name="test_validateMove_TwoAsteriskSameRowMoveOnBlankBoard_fail{RepetitionInfo}[57]" classname="com.revature.wordsaway.services.BoardServiceTest" time="0.007"/>
  <testcase name="test_validateMove_TwoAsteriskSameRowMoveOnBlankBoard_fail{RepetitionInfo}[58]" classname="com.revature.wordsaway.services.BoardServiceTest" time="0.005"/>
  <testcase name="test_validateMove_TwoAsteriskSameRowMoveOnBlankBoard_fail{RepetitionInfo}[59]" classname="com.revature.wordsaway.services.BoardServiceTest" time="0.007"/>
  <testcase name="test_validateMove_TwoAsteriskSameRowMoveOnBlankBoard_fail{RepetitionInfo}[60]" classname="com.revature.wordsaway.services.BoardServiceTest" time="0.007"/>
  <testcase name="test_validateMove_TwoAsteriskSameRowMoveOnBlankBoard_fail{RepetitionInfo}[61]" classname="com.revature.wordsaway.services.BoardServiceTest" time="0.007"/>
  <testcase name="test_validateMove_TwoAsteriskSameRowMoveOnBlankBoard_fail{RepetitionInfo}[62]" classname="com.revature.wordsaway.services.BoardServiceTest" time="0.005"/>
  <testcase name="test_validateMove_TwoAsteriskSameRowMoveOnBlankBoard_fail{RepetitionInfo}[63]" classname="com.revature.wordsaway.services.BoardServiceTest" time="0.008"/>
  <testcase name="test_validateMove_TwoAsteriskSameRowMoveOnBlankBoard_fail{RepetitionInfo}[64]" classname="com.revature.wordsaway.services.BoardServiceTest" time="0.001"/>
  <testcase name="test_validateMove_TwoAsteriskSameRowMoveOnBlankBoard_fail{RepetitionInfo}[65]" classname="com.revature.wordsaway.services.BoardServiceTest" time="0.006"/>
  <testcase name="test_validateMove_TwoAsteriskSameRowMoveOnBlankBoard_fail{RepetitionInfo}[66]" classname="com.revature.wordsaway.services.BoardServiceTest" time="0.006"/>
  <testcase name="test_validateMove_TwoAsteriskSameRowMoveOnBlankBoard_fail{RepetitionInfo}[67]" classname="com.revature.wordsaway.services.BoardServiceTest" time="0.006"/>
  <testcase name="test_validateMove_TwoAsteriskSameRowMoveOnBlankBoard_fail{RepetitionInfo}[68]" classname="com.revature.wordsaway.services.BoardServiceTest" time="0.005"/>
  <testcase name="test_validateMove_TwoAsteriskSameRowMoveOnBlankBoard_fail{RepetitionInfo}[69]" classname="com.revature.wordsaway.services.BoardServiceTest" time="0.005"/>
  <testcase name="test_validateMove_TwoAsteriskSameRowMoveOnBlankBoard_fail{RepetitionInfo}[70]" classname="com.revature.wordsaway.services.BoardServiceTest" time="0.006"/>
  <testcase name="test_validateMove_TwoAsteriskSameRowMoveOnBlankBoard_fail{RepetitionInfo}[71]" classname="com.revature.wordsaway.services.BoardServiceTest" time="0.005"/>
  <testcase name="test_validateMove_TwoAsteriskSameRowMoveOnBlankBoard_fail{RepetitionInfo}[72]" classname="com.revature.wordsaway.services.BoardServiceTest" time="0.007"/>
  <testcase name="test_validateMove_TwoAsteriskSameRowMoveOnBlankBoard_fail{RepetitionInfo}[73]" classname="com.revature.wordsaway.services.BoardServiceTest" time="0.008"/>
  <testcase name="test_validateMove_TwoAsteriskSameRowMoveOnBlankBoard_fail{RepetitionInfo}[74]" classname="com.revature.wordsaway.services.BoardServiceTest" time="0.005"/>
  <testcase name="test_validateMove_TwoAsteriskSameRowMoveOnBlankBoard_fail{RepetitionInfo}[75]" classname="com.revature.wordsaway.services.BoardServiceTest" time="0.005"/>
  <testcase name="test_validateMove_TwoAsteriskSameRowMoveOnBlankBoard_fail{RepetitionInfo}[76]" classname="com.revature.wordsaway.services.BoardServiceTest" time="0.005"/>
  <testcase name="test_validateMove_TwoAsteriskSameRowMoveOnBlankBoard_fail{RepetitionInfo}[77]" classname="com.revature.wordsaway.services.BoardServiceTest" time="0.005"/>
  <testcase name="test_validateMove_TwoAsteriskSameRowMoveOnBlankBoard_fail{RepetitionInfo}[78]" classname="com.revature.wordsaway.services.BoardServiceTest" time="0.004"/>
  <testcase name="test_validateMove_TwoAsteriskSameRowMoveOnBlankBoard_fail{RepetitionInfo}[79]" classname="com.revature.wordsaway.services.BoardServiceTest" time="0.005"/>
  <testcase name="test_validateMove_TwoAsteriskSameRowMoveOnBlankBoard_fail{RepetitionInfo}[80]" classname="com.revature.wordsaway.services.BoardServiceTest" time="0.001"/>
  <testcase name="test_validateMove_TwoAsteriskSameRowMoveOnBlankBoard_fail{RepetitionInfo}[81]" classname="com.revature.wordsaway.services.BoardServiceTest" time="0.005"/>
  <testcase name="test_validateMove_TwoAsteriskSameRowMoveOnBlankBoard_fail{RepetitionInfo}[82]" classname="com.revature.wordsaway.services.BoardServiceTest" time="0.004"/>
  <testcase name="test_validateMove_TwoAsteriskSameRowMoveOnBlankBoard_fail{RepetitionInfo}[83]" classname="com.revature.wordsaway.services.BoardServiceTest" time="0.005"/>
  <testcase name="test_validateMove_TwoAsteriskSameRowMoveOnBlankBoard_fail{RepetitionInfo}[84]" classname="com.revature.wordsaway.services.BoardServiceTest" time="0.01"/>
  <testcase name="test_validateMove_TwoAsteriskSameRowMoveOnBlankBoard_fail{RepetitionInfo}[85]" classname="com.revature.wordsaway.services.BoardServiceTest" time="0.005"/>
  <testcase name="test_validateMove_TwoAsteriskSameRowMoveOnBlankBoard_fail{RepetitionInfo}[86]" classname="com.revature.wordsaway.services.BoardServiceTest" time="0.007"/>
  <testcase name="test_validateMove_TwoAsteriskSameRowMoveOnBlankBoard_fail{RepetitionInfo}[87]" classname="com.revature.wordsaway.services.BoardServiceTest" time="0.006"/>
  <testcase name="test_validateMove_TwoAsteriskSameRowMoveOnBlankBoard_fail{RepetitionInfo}[88]" classname="com.revature.wordsaway.services.BoardServiceTest" time="0.005"/>
  <testcase name="test_validateMove_TwoAsteriskSameRowMoveOnBlankBoard_fail{RepetitionInfo}[89]" classname="com.revature.wordsaway.services.BoardServiceTest" time="0.006"/>
  <testcase name="test_validateMove_TwoAsteriskSameRowMoveOnBlankBoard_fail{RepetitionInfo}[90]" classname="com.revature.wordsaway.services.BoardServiceTest" time="0.007"/>
  <testcase name="test_validateMove_TwoAsteriskSameRowMoveOnBlankBoard_fail{RepetitionInfo}[91]" classname="com.revature.wordsaway.services.BoardServiceTest" time="0.002"/>
  <testcase name="test_validateMove_TwoAsteriskSameRowMoveOnBlankBoard_fail{RepetitionInfo}[92]" classname="com.revature.wordsaway.services.BoardServiceTest" time="0.005"/>
  <testcase name="test_validateMove_TwoAsteriskSameRowMoveOnBlankBoard_fail{RepetitionInfo}[93]" classname="com.revature.wordsaway.services.BoardServiceTest" time="0.004"/>
  <testcase name="test_validateMove_TwoAsteriskSameRowMoveOnBlankBoard_fail{RepetitionInfo}[94]" classname="com.revature.wordsaway.services.BoardServiceTest" time="0.004"/>
  <testcase name="test_validateMove_TwoAsteriskSameRowMoveOnBlankBoard_fail{RepetitionInfo}[95]" classname="com.revature.wordsaway.services.BoardServiceTest" time="0.007"/>
  <testcase name="test_validateMove_TwoAsteriskSameRowMoveOnBlankBoard_fail{RepetitionInfo}[96]" classname="com.revature.wordsaway.services.BoardServiceTest" time="0.002"/>
  <testcase name="test_validateMove_TwoAsteriskSameRowMoveOnBlankBoard_fail{RepetitionInfo}[97]" classname="com.revature.wordsaway.services.BoardServiceTest" time="0.007"/>
  <testcase name="test_validateMove_TwoAsteriskSameRowMoveOnBlankBoard_fail{RepetitionInfo}[98]" classname="com.revature.wordsaway.services.BoardServiceTest" time="0.005"/>
  <testcase name="test_validateMove_TwoAsteriskSameRowMoveOnBlankBoard_fail{RepetitionInfo}[99]" classname="com.revature.wordsaway.services.BoardServiceTest" time="0.004"/>
  <testcase name="test_validateMove_TwoAsteriskSameRowMoveOnBlankBoard_fail{RepetitionInfo}[100]" classname="com.revature.wordsaway.services.BoardServiceTest" time="0.004"/>
  <testcase name="test_validateMove_TwoAsteriskSameRowMoveOnBlankBoard_fail{RepetitionInfo}[101]" classname="com.revature.wordsaway.services.BoardServiceTest" time="0.005"/>
  <testcase name="test_validateMove_TwoAsteriskSameRowMoveOnBlankBoard_fail{RepetitionInfo}[102]" classname="com.revature.wordsaway.services.BoardServiceTest" time="0.005"/>
  <testcase name="test_validateMove_TwoAsteriskSameRowMoveOnBlankBoard_fail{RepetitionInfo}[103]" classname="com.revature.wordsaway.services.BoardServiceTest" time="0.005"/>
  <testcase name="test_validateMove_TwoAsteriskSameRowMoveOnBlankBoard_fail{RepetitionInfo}[104]" classname="com.revature.wordsaway.services.BoardServiceTest" time="0.005"/>
  <testcase name="test_validateMove_TwoAsteriskSameRowMoveOnBlankBoard_fail{RepetitionInfo}[105]" classname="com.revature.wordsaway.services.BoardServiceTest" time="0.006"/>
  <testcase name="test_validateMove_TwoAsteriskSameRowMoveOnBlankBoard_fail{RepetitionInfo}[106]" classname="com.revature.wordsaway.services.BoardServiceTest" time="0.008"/>
  <testcase name="test_validateMove_TwoAsteriskSameRowMoveOnBlankBoard_fail{RepetitionInfo}[107]" classname="com.revature.wordsaway.services.BoardServiceTest" time="0.005"/>
  <testcase name="test_validateMove_TwoAsteriskSameRowMoveOnBlankBoard_fail{RepetitionInfo}[108]" classname="com.revature.wordsaway.services.BoardServiceTest" time="0.005"/>
  <testcase name="test_validateMove_TwoAsteriskSameRowMoveOnBlankBoard_fail{RepetitionInfo}[109]" classname="com.revature.wordsaway.services.BoardServiceTest" time="0.004"/>
  <testcase name="test_validateMove_TwoAsteriskSameRowMoveOnBlankBoard_fail{RepetitionInfo}[110]" classname="com.revature.wordsaway.services.BoardServiceTest" time="0.008"/>
  <testcase name="test_validateMove_TwoAsteriskSameRowMoveOnBlankBoard_fail{RepetitionInfo}[111]" classname="com.revature.wordsaway.services.BoardServiceTest" time="0.006"/>
  <testcase name="test_validateMove_TwoAsteriskSameRowMoveOnBlankBoard_fail{RepetitionInfo}[112]" classname="com.revature.wordsaway.services.BoardServiceTest" time="0.001"/>
  <testcase name="test_validateMove_TwoAsteriskSameRowMoveOnBlankBoard_fail{RepetitionInfo}[113]" classname="com.revature.wordsaway.services.BoardServiceTest" time="0.005"/>
  <testcase name="test_validateMove_TwoAsteriskSameRowMoveOnBlankBoard_fail{RepetitionInfo}[114]" classname="com.revature.wordsaway.services.BoardServiceTest" time="0.006"/>
  <testcase name="test_validateMove_TwoAsteriskSameRowMoveOnBlankBoard_fail{RepetitionInfo}[115]" classname="com.revature.wordsaway.services.BoardServiceTest" time="0.013"/>
  <testcase name="test_validateMove_TwoAsteriskSameRowMoveOnBlankBoard_fail{RepetitionInfo}[116]" classname="com.revature.wordsaway.services.BoardServiceTest" time="0.01"/>
  <testcase name="test_validateMove_TwoAsteriskSameRowMoveOnBlankBoard_fail{RepetitionInfo}[117]" classname="com.revature.wordsaway.services.BoardServiceTest" time="0.007"/>
  <testcase name="test_validateMove_TwoAsteriskSameRowMoveOnBlankBoard_fail{RepetitionInfo}[118]" classname="com.revature.wordsaway.services.BoardServiceTest" time="0.004"/>
  <testcase name="test_validateMove_TwoAsteriskSameRowMoveOnBlankBoard_fail{RepetitionInfo}[119]" classname="com.revature.wordsaway.services.BoardServiceTest" time="0.005"/>
  <testcase name="test_validateMove_TwoAsteriskSameRowMoveOnBlankBoard_fail{RepetitionInfo}[120]" classname="com.revature.wordsaway.services.BoardServiceTest" time="0.005"/>
  <testcase name="test_validateMove_TwoAsteriskSameRowMoveOnBlankBoard_fail{RepetitionInfo}[121]" classname="com.revature.wordsaway.services.BoardServiceTest" time="0.004"/>
  <testcase name="test_validateMove_TwoAsteriskSameRowMoveOnBlankBoard_fail{RepetitionInfo}[122]" classname="com.revature.wordsaway.services.BoardServiceTest" time="0.005"/>
  <testcase name="test_validateMove_TwoAsteriskSameRowMoveOnBlankBoard_fail{RepetitionInfo}[123]" classname="com.revature.wordsaway.services.BoardServiceTest" time="0.004"/>
  <testcase name="test_validateMove_TwoAsteriskSameRowMoveOnBlankBoard_fail{RepetitionInfo}[124]" classname="com.revature.wordsaway.services.BoardServiceTest" time="0.004"/>
  <testcase name="test_validateMove_TwoAsteriskSameRowMoveOnBlankBoard_fail{RepetitionInfo}[125]" classname="com.revature.wordsaway.services.BoardServiceTest" time="0.005"/>
  <testcase name="test_validateMove_TwoAsteriskSameRowMoveOnBlankBoard_fail{RepetitionInfo}[126]" classname="com.revature.wordsaway.services.BoardServiceTest" time="0.006"/>
  <testcase name="test_validateMove_TwoAsteriskSameRowMoveOnBlankBoard_fail{RepetitionInfo}[127]" classname="com.revature.wordsaway.services.BoardServiceTest" time="0.005"/>
  <testcase name="test_validateMove_TwoAsteriskSameRowMoveOnBlankBoard_fail{RepetitionInfo}[128]" classname="com.revature.wordsaway.services.BoardServiceTest" time="0.002"/>
  <testcase name="test_validateMove_TwoAsteriskSameRowMoveOnBlankBoard_fail{RepetitionInfo}[129]" classname="com.revature.wordsaway.services.BoardServiceTest" time="0.005"/>
  <testcase name="test_validateMove_TwoAsteriskSameRowMoveOnBlankBoard_fail{RepetitionInfo}[130]" classname="com.revature.wordsaway.services.BoardServiceTest" time="0.005"/>
  <testcase name="test_validateMove_TwoAsteriskSameRowMoveOnBlankBoard_fail{RepetitionInfo}[131]" classname="com.revature.wordsaway.services.BoardServiceTest" time="0.005"/>
  <testcase name="test_validateMove_TwoAsteriskSameRowMoveOnBlankBoard_fail{RepetitionInfo}[132]" classname="com.revature.wordsaway.services.BoardServiceTest" time="0.005"/>
  <testcase name="test_validateMove_TwoAsteriskSameRowMoveOnBlankBoard_fail{RepetitionInfo}[133]" classname="com.revature.wordsaway.services.BoardServiceTest" time="0.006"/>
  <testcase name="test_validateMove_TwoAsteriskSameRowMoveOnBlankBoard_fail{RepetitionInfo}[134]" classname="com.revature.wordsaway.services.BoardServiceTest" time="0.005"/>
  <testcase name="test_validateMove_TwoAsteriskSameRowMoveOnBlankBoard_fail{RepetitionInfo}[135]" classname="com.revature.wordsaway.services.BoardServiceTest" time="0.005"/>
  <testcase name="test_validateMove_TwoAsteriskSameRowMoveOnBlankBoard_fail{RepetitionInfo}[136]" classname="com.revature.wordsaway.services.BoardServiceTest" time="0.005"/>
  <testcase name="test_validateMove_TwoAsteriskSameRowMoveOnBlankBoard_fail{RepetitionInfo}[137]" classname="com.revature.wordsaway.services.BoardServiceTest" time="0.006"/>
  <testcase name="test_validateMove_TwoAsteriskSameRowMoveOnBlankBoard_fail{RepetitionInfo}[138]" classname="com.revature.wordsaway.services.BoardServiceTest" time="0.005"/>
  <testcase name="test_validateMove_TwoAsteriskSameRowMoveOnBlankBoard_fail{RepetitionInfo}[139]" classname="com.revature.wordsaway.services.BoardServiceTest" time="0.005"/>
  <testcase name="test_validateMove_TwoAsteriskSameRowMoveOnBlankBoard_fail{RepetitionInfo}[140]" classname="com.revature.wordsaway.services.BoardServiceTest" time="0.056"/>
  <testcase name="test_validateMove_TwoAsteriskSameRowMoveOnBlankBoard_fail{RepetitionInfo}[141]" classname="com.revature.wordsaway.services.BoardServiceTest" time="0.007"/>
  <testcase name="test_validateMove_TwoAsteriskSameRowMoveOnBlankBoard_fail{RepetitionInfo}[142]" classname="com.revature.wordsaway.services.BoardServiceTest" time="0.007"/>
  <testcase name="test_validateMove_TwoAsteriskSameRowMoveOnBlankBoard_fail{RepetitionInfo}[143]" classname="com.revature.wordsaway.services.BoardServiceTest" time="0.014"/>
  <testcase name="test_validateMove_TwoAsteriskSameRowMoveOnBlankBoard_fail{RepetitionInfo}[144]" classname="com.revature.wordsaway.services.BoardServiceTest" time="0.009"/>
  <testcase name="test_validateMove_TwoAsteriskSameRowMoveOnBlankBoard_fail{RepetitionInfo}[145]" classname="com.revature.wordsaway.services.BoardServiceTest" time="0.007"/>
  <testcase name="test_validateMove_TwoAsteriskSameRowMoveOnBlankBoard_fail{RepetitionInfo}[146]" classname="com.revature.wordsaway.services.BoardServiceTest" time="0.009"/>
  <testcase name="test_validateMove_TwoAsteriskSameRowMoveOnBlankBoard_fail{RepetitionInfo}[147]" classname="com.revature.wordsaway.services.BoardServiceTest" time="0.007"/>
  <testcase name="test_validateMove_TwoAsteriskSameRowMoveOnBlankBoard_fail{RepetitionInfo}[148]" classname="com.revature.wordsaway.services.BoardServiceTest" time="0.01"/>
  <testcase name="test_validateMove_TwoAsteriskSameRowMoveOnBlankBoard_fail{RepetitionInfo}[149]" classname="com.revature.wordsaway.services.BoardServiceTest" time="0.007"/>
  <testcase name="test_validateMove_TwoAsteriskSameRowMoveOnBlankBoard_fail{RepetitionInfo}[150]" classname="com.revature.wordsaway.services.BoardServiceTest" time="0.004"/>
  <testcase name="test_validateMove_TwoAsteriskSameRowMoveOnBlankBoard_fail{RepetitionInfo}[151]" classname="com.revature.wordsaway.services.BoardServiceTest" time="0.004"/>
  <testcase name="test_validateMove_TwoAsteriskSameRowMoveOnBlankBoard_fail{RepetitionInfo}[152]" classname="com.revature.wordsaway.services.BoardServiceTest" time="0.004"/>
  <testcase name="test_validateMove_TwoAsteriskSameRowMoveOnBlankBoard_fail{RepetitionInfo}[153]" classname="com.revature.wordsaway.services.BoardServiceTest" time="0.004"/>
  <testcase name="test_validateMove_TwoAsteriskSameRowMoveOnBlankBoard_fail{RepetitionInfo}[154]" classname="com.revature.wordsaway.services.BoardServiceTest" time="0.004"/>
  <testcase name="test_validateMove_TwoAsteriskSameRowMoveOnBlankBoard_fail{RepetitionInfo}[155]" classname="com.revature.wordsaway.services.BoardServiceTest" time="0.004"/>
  <testcase name="test_validateMove_TwoAsteriskSameRowMoveOnBlankBoard_fail{RepetitionInfo}[156]" classname="com.revature.wordsaway.services.BoardServiceTest" time="0.005"/>
  <testcase name="test_validateMove_TwoAsteriskSameRowMoveOnBlankBoard_fail{RepetitionInfo}[157]" classname="com.revature.wordsaway.services.BoardServiceTest" time="0.006"/>
  <testcase name="test_validateMove_TwoAsteriskSameRowMoveOnBlankBoard_fail{RepetitionInfo}[158]" classname="com.revature.wordsaway.services.BoardServiceTest" time="0.005"/>
  <testcase name="test_validateMove_TwoAsteriskSameRowMoveOnBlankBoard_fail{RepetitionInfo}[159]" classname="com.revature.wordsaway.services.BoardServiceTest" time="0.006"/>
  <testcase name="test_validateMove_TwoAsteriskSameRowMoveOnBlankBoard_fail{RepetitionInfo}[160]" classname="com.revature.wordsaway.services.BoardServiceTest" time="0"/>
  <testcase name="test_validateMove_TwoAsteriskSameRowMoveOnBlankBoard_fail{RepetitionInfo}[161]" classname="com.revature.wordsaway.services.BoardServiceTest" time="0.005"/>
  <testcase name="test_validateMove_TwoAsteriskSameRowMoveOnBlankBoard_fail{RepetitionInfo}[162]" classname="com.revature.wordsaway.services.BoardServiceTest" time="0.004"/>
  <testcase name="test_validateMove_TwoAsteriskSameRowMoveOnBlankBoard_fail{RepetitionInfo}[163]" classname="com.revature.wordsaway.services.BoardServiceTest" time="0.005"/>
  <testcase name="test_validateMove_TwoAsteriskSameRowMoveOnBlankBoard_fail{RepetitionInfo}[164]" classname="com.revature.wordsaway.services.BoardServiceTest" time="0.004"/>
  <testcase name="test_validateMove_TwoAsteriskSameRowMoveOnBlankBoard_fail{RepetitionInfo}[165]" classname="com.revature.wordsaway.services.BoardServiceTest" time="0.005"/>
  <testcase name="test_validateMove_TwoAsteriskSameRowMoveOnBlankBoard_fail{RepetitionInfo}[166]" classname="com.revature.wordsaway.services.BoardServiceTest" time="0.005"/>
  <testcase name="test_validateMove_TwoAsteriskSameRowMoveOnBlankBoard_fail{RepetitionInfo}[167]" classname="com.revature.wordsaway.services.BoardServiceTest" time="0.012"/>
  <testcase name="test_validateMove_TwoAsteriskSameRowMoveOnBlankBoard_fail{RepetitionInfo}[168]" classname="com.revature.wordsaway.services.BoardServiceTest" time="0.007"/>
  <testcase name="test_validateMove_TwoAsteriskSameRowMoveOnBlankBoard_fail{RepetitionInfo}[169]" classname="com.revature.wordsaway.services.BoardServiceTest" time="0.008"/>
  <testcase name="test_validateMove_TwoAsteriskSameRowMoveOnBlankBoard_fail{RepetitionInfo}[170]" classname="com.revature.wordsaway.services.BoardServiceTest" time="0.004"/>
  <testcase name="test_validateMove_TwoAsteriskSameRowMoveOnBlankBoard_fail{RepetitionInfo}[171]" classname="com.revature.wordsaway.services.BoardServiceTest" time="0.004"/>
  <testcase name="test_validateMove_TwoAsteriskSameRowMoveOnBlankBoard_fail{RepetitionInfo}[172]" classname="com.revature.wordsaway.services.BoardServiceTest" time="0.004"/>
  <testcase name="test_validateMove_TwoAsteriskSameRowMoveOnBlankBoard_fail{RepetitionInfo}[173]" classname="com.revature.wordsaway.services.BoardServiceTest" time="0.004"/>
  <testcase name="test_validateMove_TwoAsteriskSameRowMoveOnBlankBoard_fail{RepetitionInfo}[174]" classname="com.revature.wordsaway.services.BoardServiceTest" time="0.005"/>
  <testcase name="test_validateMove_TwoAsteriskSameRowMoveOnBlankBoard_fail{RepetitionInfo}[175]" classname="com.revature.wordsaway.services.BoardServiceTest" time="0.007"/>
  <testcase name="test_validateMove_TwoAsteriskSameRowMoveOnBlankBoard_fail{RepetitionInfo}[176]" classname="com.revature.wordsaway.services.BoardServiceTest" time="0.002"/>
  <testcase name="test_validateMove_TwoAsteriskSameRowMoveOnBlankBoard_fail{RepetitionInfo}[177]" classname="com.revature.wordsaway.services.BoardServiceTest" time="0.005"/>
  <testcase name="test_validateMove_TwoAsteriskSameRowMoveOnBlankBoard_fail{RepetitionInfo}[178]" classname="com.revature.wordsaway.services.BoardServiceTest" time="0.008"/>
  <testcase name="test_validateMove_TwoAsteriskSameRowMoveOnBlankBoard_fail{RepetitionInfo}[179]" classname="com.revature.wordsaway.services.BoardServiceTest" time="0.004"/>
  <testcase name="test_validateMove_TwoAsteriskSameRowMoveOnBlankBoard_fail{RepetitionInfo}[180]" classname="com.revature.wordsaway.services.BoardServiceTest" time="0.004"/>
  <testcase name="test_validateMove_TwoAsteriskSameRowMoveOnBlankBoard_fail{RepetitionInfo}[181]" classname="com.revature.wordsaway.services.BoardServiceTest" time="0.004"/>
  <testcase name="test_validateMove_TwoAsteriskSameRowMoveOnBlankBoard_fail{RepetitionInfo}[182]" classname="com.revature.wordsaway.services.BoardServiceTest" time="0.004"/>
  <testcase name="test_validateMove_TwoAsteriskSameRowMoveOnBlankBoard_fail{RepetitionInfo}[183]" classname="com.revature.wordsaway.services.BoardServiceTest" time="0.004"/>
  <testcase name="test_validateMove_TwoAsteriskSameRowMoveOnBlankBoard_fail{RepetitionInfo}[184]" classname="com.revature.wordsaway.services.BoardServiceTest" time="0.005"/>
  <testcase name="test_validateMove_TwoAsteriskSameRowMoveOnBlankBoard_fail{RepetitionInfo}[185]" classname="com.revature.wordsaway.services.BoardServiceTest" time="0.004"/>
  <testcase name="test_validateMove_TwoAsteriskSameRowMoveOnBlankBoard_fail{RepetitionInfo}[186]" classname="com.revature.wordsaway.services.BoardServiceTest" time="0.004"/>
  <testcase name="test_validateMove_TwoAsteriskSameRowMoveOnBlankBoard_fail{RepetitionInfo}[187]" classname="com.revature.wordsaway.services.BoardServiceTest" time="0.004"/>
  <testcase name="test_validateMove_TwoAsteriskSameRowMoveOnBlankBoard_fail{RepetitionInfo}[188]" classname="com.revature.wordsaway.services.BoardServiceTest" time="0.004"/>
  <testcase name="test_validateMove_TwoAsteriskSameRowMoveOnBlankBoard_fail{RepetitionInfo}[189]" classname="com.revature.wordsaway.services.BoardServiceTest" time="0.004"/>
  <testcase name="test_validateMove_TwoAsteriskSameRowMoveOnBlankBoard_fail{RepetitionInfo}[190]" classname="com.revature.wordsaway.services.BoardServiceTest" time="0.007"/>
  <testcase name="test_validateMove_TwoAsteriskSameRowMoveOnBlankBoard_fail{RepetitionInfo}[191]" classname="com.revature.wordsaway.services.BoardServiceTest" time="0.004"/>
  <testcase name="test_validateMove_TwoAsteriskSameRowMoveOnBlankBoard_fail{RepetitionInfo}[192]" classname="com.revature.wordsaway.services.BoardServiceTest" time="0"/>
  <testcase name="test_validateMove_TwoAsteriskSameRowMoveOnBlankBoard_fail{RepetitionInfo}[193]" classname="com.revature.wordsaway.services.BoardServiceTest" time="0.005"/>
  <testcase name="test_validateMove_TwoAsteriskSameRowMoveOnBlankBoard_fail{RepetitionInfo}[194]" classname="com.revature.wordsaway.services.BoardServiceTest" time="0.004"/>
  <testcase name="test_validateMove_TwoAsteriskSameRowMoveOnBlankBoard_fail{RepetitionInfo}[195]" classname="com.revature.wordsaway.services.BoardServiceTest" time="0.004"/>
  <testcase name="test_validateMove_TwoAsteriskSameRowMoveOnBlankBoard_fail{RepetitionInfo}[196]" classname="com.revature.wordsaway.services.BoardServiceTest" time="0.005"/>
  <testcase name="test_validateMove_TwoAsteriskSameRowMoveOnBlankBoard_fail{RepetitionInfo}[197]" classname="com.revature.wordsaway.services.BoardServiceTest" time="0.004"/>
  <testcase name="test_validateMove_TwoAsteriskSameRowMoveOnBlankBoard_fail{RepetitionInfo}[198]" classname="com.revature.wordsaway.services.BoardServiceTest" time="0.005"/>
  <testcase name="test_validateMove_TwoAsteriskSameRowMoveOnBlankBoard_fail{RepetitionInfo}[199]" classname="com.revature.wordsaway.services.BoardServiceTest" time="0.006"/>
  <testcase name="test_validateMove_TwoAsteriskSameRowMoveOnBlankBoard_fail{RepetitionInfo}[200]" classname="com.revature.wordsaway.services.BoardServiceTest" time="0.005"/>
  <testcase name="test_validateMove_TwoAsteriskSameRowMoveOnBlankBoard_fail{RepetitionInfo}[201]" classname="com.revature.wordsaway.services.BoardServiceTest" time="0.004"/>
  <testcase name="test_validateMove_TwoAsteriskSameRowMoveOnBlankBoard_fail{RepetitionInfo}[202]" classname="com.revature.wordsaway.services.BoardServiceTest" time="0.004"/>
  <testcase name="test_validateMove_TwoAsteriskSameRowMoveOnBlankBoard_fail{RepetitionInfo}[203]" classname="com.revature.wordsaway.services.BoardServiceTest" time="0.004"/>
  <testcase name="test_validateMove_TwoAsteriskSameRowMoveOnBlankBoard_fail{RepetitionInfo}[204]" classname="com.revature.wordsaway.services.BoardServiceTest" time="0.005"/>
  <testcase name="test_validateMove_TwoAsteriskSameRowMoveOnBlankBoard_fail{RepetitionInfo}[205]" classname="com.revature.wordsaway.services.BoardServiceTest" time="0.005"/>
  <testcase name="test_validateMove_TwoAsteriskSameRowMoveOnBlankBoard_fail{RepetitionInfo}[206]" classname="com.revature.wordsaway.services.BoardServiceTest" time="0.005"/>
  <testcase name="test_validateMove_TwoAsteriskSameRowMoveOnBlankBoard_fail{RepetitionInfo}[207]" classname="com.revature.wordsaway.services.BoardServiceTest" time="0.005"/>
  <testcase name="test_validateMove_TwoAsteriskSameRowMoveOnBlankBoard_fail{RepetitionInfo}[208]" classname="com.revature.wordsaway.services.BoardServiceTest" time="0.004"/>
  <testcase name="test_validateMove_TwoAsteriskSameRowMoveOnBlankBoard_fail{RepetitionInfo}[209]" classname="com.revature.wordsaway.services.BoardServiceTest" time="0.004"/>
  <testcase name="test_validateMove_TwoAsteriskSameRowMoveOnBlankBoard_fail{RepetitionInfo}[210]" classname="com.revature.wordsaway.services.BoardServiceTest" time="0.004"/>
  <testcase name="test_validateMove_TwoAsteriskSameRowMoveOnBlankBoard_fail{RepetitionInfo}[211]" classname="com.revature.wordsaway.services.BoardServiceTest" time="0.005"/>
  <testcase name="test_validateMove_TwoAsteriskSameRowMoveOnBlankBoard_fail{RepetitionInfo}[212]" classname="com.revature.wordsaway.services.BoardServiceTest" time="0.006"/>
  <testcase name="test_validateMove_TwoAsteriskSameRowMoveOnBlankBoard_fail{RepetitionInfo}[213]" classname="com.revature.wordsaway.services.BoardServiceTest" time="0.005"/>
  <testcase name="test_validateMove_TwoAsteriskSameRowMoveOnBlankBoard_fail{RepetitionInfo}[214]" classname="com.revature.wordsaway.services.BoardServiceTest" time="0.006"/>
  <testcase name="test_validateMove_TwoAsteriskSameRowMoveOnBlankBoard_fail{RepetitionInfo}[215]" classname="com.revature.wordsaway.services.BoardServiceTest" time="0.004"/>
  <testcase name="test_validateMove_TwoAsteriskSameRowMoveOnBlankBoard_fail{RepetitionInfo}[216]" classname="com.revature.wordsaway.services.BoardServiceTest" time="0.004"/>
  <testcase name="test_validateMove_TwoAsteriskSameRowMoveOnBlankBoard_fail{RepetitionInfo}[217]" classname="com.revature.wordsaway.services.BoardServiceTest" time="0.004"/>
  <testcase name="test_validateMove_TwoAsteriskSameRowMoveOnBlankBoard_fail{RepetitionInfo}[218]" classname="com.revature.wordsaway.services.BoardServiceTest" time="0.004"/>
  <testcase name="test_validateMove_TwoAsteriskSameRowMoveOnBlankBoard_fail{RepetitionInfo}[219]" classname="com.revature.wordsaway.services.BoardServiceTest" time="0.004"/>
  <testcase name="test_validateMove_TwoAsteriskSameRowMoveOnBlankBoard_fail{RepetitionInfo}[220]" classname="com.revature.wordsaway.services.BoardServiceTest" time="0.005"/>
  <testcase name="test_validateMove_TwoAsteriskSameRowMoveOnBlankBoard_fail{RepetitionInfo}[221]" classname="com.revature.wordsaway.services.BoardServiceTest" time="0.007"/>
  <testcase name="test_validateMove_TwoAsteriskSameRowMoveOnBlankBoard_fail{RepetitionInfo}[222]" classname="com.revature.wordsaway.services.BoardServiceTest" time="0.005"/>
  <testcase name="test_validateMove_TwoAsteriskSameRowMoveOnBlankBoard_fail{RepetitionInfo}[223]" classname="com.revature.wordsaway.services.BoardServiceTest" time="0.007"/>
  <testcase name="test_validateMove_TwoAsteriskSameRowMoveOnBlankBoard_fail{RepetitionInfo}[224]" classname="com.revature.wordsaway.services.BoardServiceTest" time="0.001"/>
  <testcase name="test_validateMove_TwoAsteriskSameRowMoveOnBlankBoard_fail{RepetitionInfo}[225]" classname="com.revature.wordsaway.services.BoardServiceTest" time="0.005"/>
  <testcase name="test_validateMove_TwoAsteriskSameRowMoveOnBlankBoard_fail{RepetitionInfo}[226]" classname="com.revature.wordsaway.services.BoardServiceTest" time="0.005"/>
  <testcase name="test_validateMove_TwoAsteriskSameRowMoveOnBlankBoard_fail{RepetitionInfo}[227]" classname="com.revature.wordsaway.services.BoardServiceTest" time="0.005"/>
  <testcase name="test_validateMove_TwoAsteriskSameRowMoveOnBlankBoard_fail{RepetitionInfo}[228]" classname="com.revature.wordsaway.services.BoardServiceTest" time="0.004"/>
  <testcase name="test_validateMove_TwoAsteriskSameRowMoveOnBlankBoard_fail{RepetitionInfo}[229]" classname="com.revature.wordsaway.services.BoardServiceTest" time="0.005"/>
  <testcase name="test_validateMove_TwoAsteriskSameRowMoveOnBlankBoard_fail{RepetitionInfo}[230]" classname="com.revature.wordsaway.services.BoardServiceTest" time="0.004"/>
  <testcase name="test_validateMove_TwoAsteriskSameRowMoveOnBlankBoard_fail{RepetitionInfo}[231]" classname="com.revature.wordsaway.services.BoardServiceTest" time="0.004"/>
  <testcase name="test_validateMove_TwoAsteriskSameRowMoveOnBlankBoard_fail{RepetitionInfo}[232]" classname="com.revature.wordsaway.services.BoardServiceTest" time="0.005"/>
  <testcase name="test_validateMove_TwoAsteriskSameRowMoveOnBlankBoard_fail{RepetitionInfo}[233]" classname="com.revature.wordsaway.services.BoardServiceTest" time="0.004"/>
  <testcase name="test_validateMove_TwoAsteriskSameRowMoveOnBlankBoard_fail{RepetitionInfo}[234]" classname="com.revature.wordsaway.services.BoardServiceTest" time="0.004"/>
  <testcase name="test_validateMove_TwoAsteriskSameRowMoveOnBlankBoard_fail{RepetitionInfo}[235]" classname="com.revature.wordsaway.services.BoardServiceTest" time="0.004"/>
  <testcase name="test_validateMove_TwoAsteriskSameRowMoveOnBlankBoard_fail{RepetitionInfo}[236]" classname="com.revature.wordsaway.services.BoardServiceTest" time="0.004"/>
  <testcase name="test_validateMove_TwoAsteriskSameRowMoveOnBlankBoard_fail{RepetitionInfo}[237]" classname="com.revature.wordsaway.services.BoardServiceTest" time="0.006"/>
  <testcase name="test_validateMove_TwoAsteriskSameRowMoveOnBlankBoard_fail{RepetitionInfo}[238]" classname="com.revature.wordsaway.services.BoardServiceTest" time="0.004"/>
  <testcase name="test_validateMove_TwoAsteriskSameRowMoveOnBlankBoard_fail{RepetitionInfo}[239]" classname="com.revature.wordsaway.services.BoardServiceTest" time="0.004"/>
  <testcase name="test_validateMove_TwoAsteriskSameRowMoveOnBlankBoard_fail{RepetitionInfo}[240]" classname="com.revature.wordsaway.services.BoardServiceTest" time="0"/>
  <testcase name="test_validateMove_TwoAsteriskSameRowMoveOnBlankBoard_fail{RepetitionInfo}[241]" classname="com.revature.wordsaway.services.BoardServiceTest" time="0.005"/>
  <testcase name="test_validateMove_TwoAsteriskSameRowMoveOnBlankBoard_fail{RepetitionInfo}[242]" classname="com.revature.wordsaway.services.BoardServiceTest" time="0.005"/>
  <testcase name="test_validateMove_TwoAsteriskSameRowMoveOnBlankBoard_fail{RepetitionInfo}[243]" classname="com.revature.wordsaway.services.BoardServiceTest" time="0.004"/>
  <testcase name="test_validateMove_TwoAsteriskSameRowMoveOnBlankBoard_fail{RepetitionInfo}[244]" classname="com.revature.wordsaway.services.BoardServiceTest" time="0.004"/>
  <testcase name="test_validateMove_TwoAsteriskSameRowMoveOnBlankBoard_fail{RepetitionInfo}[245]" classname="com.revature.wordsaway.services.BoardServiceTest" time="0.004"/>
  <testcase name="test_validateMove_TwoAsteriskSameRowMoveOnBlankBoard_fail{RepetitionInfo}[246]" classname="com.revature.wordsaway.services.BoardServiceTest" time="0.005"/>
  <testcase name="test_validateMove_TwoAsteriskSameRowMoveOnBlankBoard_fail{RepetitionInfo}[247]" classname="com.revature.wordsaway.services.BoardServiceTest" time="0.006"/>
  <testcase name="test_validateMove_TwoAsteriskSameRowMoveOnBlankBoard_fail{RepetitionInfo}[248]" classname="com.revature.wordsaway.services.BoardServiceTest" time="0.005"/>
  <testcase name="test_validateMove_TwoAsteriskSameRowMoveOnBlankBoard_fail{RepetitionInfo}[249]" classname="com.revature.wordsaway.services.BoardServiceTest" time="0.005"/>
  <testcase name="test_validateMove_TwoAsteriskSameRowMoveOnBlankBoard_fail{RepetitionInfo}[250]" classname="com.revature.wordsaway.services.BoardServiceTest" time="0.004"/>
  <testcase name="test_validateMove_TwoAsteriskSameRowMoveOnBlankBoard_fail{RepetitionInfo}[251]" classname="com.revature.wordsaway.services.BoardServiceTest" time="0.005"/>
  <testcase name="test_validateMove_TwoAsteriskSameRowMoveOnBlankBoard_fail{RepetitionInfo}[252]" classname="com.revature.wordsaway.services.BoardServiceTest" time="0.004"/>
  <testcase name="test_validateMove_TwoAsteriskSameRowMoveOnBlankBoard_fail{RepetitionInfo}[253]" classname="com.revature.wordsaway.services.BoardServiceTest" time="0.015"/>
  <testcase name="test_validateMove_TwoAsteriskSameRowMoveOnBlankBoard_fail{RepetitionInfo}[254]" classname="com.revature.wordsaway.services.BoardServiceTest" time="0.006"/>
  <testcase name="test_validateMove_TwoAsteriskSameRowMoveOnBlankBoard_fail{RepetitionInfo}[255]" classname="com.revature.wordsaway.services.BoardServiceTest" time="0.006"/>
  <testcase name="test_validateMove_TwoAsteriskSameRowMoveOnBlankBoard_fail{RepetitionInfo}[256]" classname="com.revature.wordsaway.services.BoardServiceTest" time="0"/>
  <testcase name="test_validateMove_TwoLongSameRowMoveOnBlankBoard_succeed" classname="com.revature.wordsaway.services.BoardServiceTest" time="0.007"/>
  <testcase name="test_makeMove_user" classname="com.revature.wordsaway.services.BoardServiceTest" time="0.602"/>
  <testcase name="test_validateMove_ConnectedShortHorizontalFrontMoveOnBoardWithOneAsterisk_succeed" classname="com.revature.wordsaway.services.BoardServiceTest" time="0.059"/>
  <testcase name="test_getRandomChar_succeed[1]" classname="com.revature.wordsaway.services.BoardServiceTest" time="0.006"/>
  <testcase name="test_getRandomChar_succeed[2]" classname="com.revature.wordsaway.services.BoardServiceTest" time="0.002"/>
  <testcase name="test_getRandomChar_succeed[3]" classname="com.revature.wordsaway.services.BoardServiceTest" time="0.001"/>
  <testcase name="test_getRandomChar_succeed[4]" classname="com.revature.wordsaway.services.BoardServiceTest" time="0"/>
  <testcase name="test_getRandomChar_succeed[5]" classname="com.revature.wordsaway.services.BoardServiceTest" time="0.001"/>
  <testcase name="test_getRandomChar_succeed[6]" classname="com.revature.wordsaway.services.BoardServiceTest" time="0"/>
  <testcase name="test_getRandomChar_succeed[7]" classname="com.revature.wordsaway.services.BoardServiceTest" time="0.002"/>
  <testcase name="test_getRandomChar_succeed[8]" classname="com.revature.wordsaway.services.BoardServiceTest" time="0.001"/>
  <testcase name="test_getRandomChar_succeed[9]" classname="com.revature.wordsaway.services.BoardServiceTest" time="0.001"/>
  <testcase name="test_getRandomChar_succeed[10]" classname="com.revature.wordsaway.services.BoardServiceTest" time="0.002"/>
  <testcase name="test_getRandomChar_succeed[11]" classname="com.revature.wordsaway.services.BoardServiceTest" time="0.001"/>
  <testcase name="test_getRandomChar_succeed[12]" classname="com.revature.wordsaway.services.BoardServiceTest" time="0.001"/>
  <testcase name="test_getRandomChar_succeed[13]" classname="com.revature.wordsaway.services.BoardServiceTest" time="0"/>
  <testcase name="test_getRandomChar_succeed[14]" classname="com.revature.wordsaway.services.BoardServiceTest" time="0.001"/>
  <testcase name="test_getRandomChar_succeed[15]" classname="com.revature.wordsaway.services.BoardServiceTest" time="0.001"/>
  <testcase name="test_getRandomChar_succeed[16]" classname="com.revature.wordsaway.services.BoardServiceTest" time="0.006"/>
  <testcase name="test_getRandomChar_succeed[17]" classname="com.revature.wordsaway.services.BoardServiceTest" time="0.001"/>
  <testcase name="test_getRandomChar_succeed[18]" classname="com.revature.wordsaway.services.BoardServiceTest" time="0.001"/>
  <testcase name="test_getRandomChar_succeed[19]" classname="com.revature.wordsaway.services.BoardServiceTest" time="0.008"/>
  <testcase name="test_getRandomChar_succeed[20]" classname="com.revature.wordsaway.services.BoardServiceTest" time="0.003"/>
  <testcase name="test_getRandomChar_succeed[21]" classname="com.revature.wordsaway.services.BoardServiceTest" time="0"/>
  <testcase name="test_getRandomChar_succeed[22]" classname="com.revature.wordsaway.services.BoardServiceTest" time="0.001"/>
  <testcase name="test_getRandomChar_succeed[23]" classname="com.revature.wordsaway.services.BoardServiceTest" time="0"/>
  <testcase name="test_getRandomChar_succeed[24]" classname="com.revature.wordsaway.services.BoardServiceTest" time="0"/>
  <testcase name="test_getRandomChar_succeed[25]" classname="com.revature.wordsaway.services.BoardServiceTest" time="0"/>
  <testcase name="test_getRandomChar_succeed[26]" classname="com.revature.wordsaway.services.BoardServiceTest" time="0"/>
  <testcase name="test_getRandomChar_succeed[27]" classname="com.revature.wordsaway.services.BoardServiceTest" time="0"/>
  <testcase name="test_getRandomChar_succeed[28]" classname="com.revature.wordsaway.services.BoardServiceTest" time="0"/>
  <testcase name="test_getRandomChar_succeed[29]" classname="com.revature.wordsaway.services.BoardServiceTest" time="0.001"/>
  <testcase name="test_getRandomChar_succeed[30]" classname="com.revature.wordsaway.services.BoardServiceTest" time="0"/>
  <testcase name="test_getRandomChar_succeed[31]" classname="com.revature.wordsaway.services.BoardServiceTest" time="0.001"/>
  <testcase name="test_getRandomChar_succeed[32]" classname="com.revature.wordsaway.services.BoardServiceTest" time="0"/>
  <testcase name="test_getRandomChar_succeed[33]" classname="com.revature.wordsaway.services.BoardServiceTest" time="0.001"/>
  <testcase name="test_getRandomChar_succeed[34]" classname="com.revature.wordsaway.services.BoardServiceTest" time="0"/>
  <testcase name="test_getRandomChar_succeed[35]" classname="com.revature.wordsaway.services.BoardServiceTest" time="0"/>
  <testcase name="test_getRandomChar_succeed[36]" classname="com.revature.wordsaway.services.BoardServiceTest" time="0.002"/>
  <testcase name="test_getRandomChar_succeed[37]" classname="com.revature.wordsaway.services.BoardServiceTest" time="0.001"/>
  <testcase name="test_getRandomChar_succeed[38]" classname="com.revature.wordsaway.services.BoardServiceTest" time="0"/>
  <testcase name="test_getRandomChar_succeed[39]" classname="com.revature.wordsaway.services.BoardServiceTest" time="0"/>
  <testcase name="test_getRandomChar_succeed[40]" classname="com.revature.wordsaway.services.BoardServiceTest" time="0.001"/>
  <testcase name="test_getRandomChar_succeed[41]" classname="com.revature.wordsaway.services.BoardServiceTest" time="0"/>
  <testcase name="test_getRandomChar_succeed[42]" classname="com.revature.wordsaway.services.BoardServiceTest" time="0.003"/>
  <testcase name="test_getRandomChar_succeed[43]" classname="com.revature.wordsaway.services.BoardServiceTest" time="0.001"/>
  <testcase name="test_getRandomChar_succeed[44]" classname="com.revature.wordsaway.services.BoardServiceTest" time="0"/>
  <testcase name="test_getRandomChar_succeed[45]" classname="com.revature.wordsaway.services.BoardServiceTest" time="0"/>
  <testcase name="test_getRandomChar_succeed[46]" classname="com.revature.wordsaway.services.BoardServiceTest" time="0"/>
  <testcase name="test_getRandomChar_succeed[47]" classname="com.revature.wordsaway.services.BoardServiceTest" time="0.001"/>
  <testcase name="test_getRandomChar_succeed[48]" classname="com.revature.wordsaway.services.BoardServiceTest" time="0.001"/>
  <testcase name="test_getRandomChar_succeed[49]" classname="com.revature.wordsaway.services.BoardServiceTest" time="0.001"/>
  <testcase name="test_getRandomChar_succeed[50]" classname="com.revature.wordsaway.services.BoardServiceTest" time="0"/>
  <testcase name="test_getRandomChar_succeed[51]" classname="com.revature.wordsaway.services.BoardServiceTest" time="0"/>
  <testcase name="test_getRandomChar_succeed[52]" classname="com.revature.wordsaway.services.BoardServiceTest" time="0"/>
  <testcase name="test_getRandomChar_succeed[53]" classname="com.revature.wordsaway.services.BoardServiceTest" time="0"/>
  <testcase name="test_getRandomChar_succeed[54]" classname="com.revature.wordsaway.services.BoardServiceTest" time="0"/>
  <testcase name="test_getRandomChar_succeed[55]" classname="com.revature.wordsaway.services.BoardServiceTest" time="0"/>
  <testcase name="test_getRandomChar_succeed[56]" classname="com.revature.wordsaway.services.BoardServiceTest" time="0.001"/>
  <testcase name="test_getRandomChar_succeed[57]" classname="com.revature.wordsaway.services.BoardServiceTest" time="0.001"/>
  <testcase name="test_getRandomChar_succeed[58]" classname="com.revature.wordsaway.services.BoardServiceTest" time="0"/>
  <testcase name="test_getRandomChar_succeed[59]" classname="com.revature.wordsaway.services.BoardServiceTest" time="0"/>
  <testcase name="test_getRandomChar_succeed[60]" classname="com.revature.wordsaway.services.BoardServiceTest" time="0.001"/>
  <testcase name="test_getRandomChar_succeed[61]" classname="com.revature.wordsaway.services.BoardServiceTest" time="0"/>
  <testcase name="test_getRandomChar_succeed[62]" classname="com.revature.wordsaway.services.BoardServiceTest" time="0"/>
  <testcase name="test_getRandomChar_succeed[63]" classname="com.revature.wordsaway.services.BoardServiceTest" time="0.001"/>
  <testcase name="test_getRandomChar_succeed[64]" classname="com.revature.wordsaway.services.BoardServiceTest" time="0"/>
  <testcase name="test_getRandomChar_succeed[65]" classname="com.revature.wordsaway.services.BoardServiceTest" time="0"/>
  <testcase name="test_getRandomChar_succeed[66]" classname="com.revature.wordsaway.services.BoardServiceTest" time="0"/>
  <testcase name="test_getRandomChar_succeed[67]" classname="com.revature.wordsaway.services.BoardServiceTest" time="0"/>
  <testcase name="test_getRandomChar_succeed[68]" classname="com.revature.wordsaway.services.BoardServiceTest" time="0"/>
  <testcase name="test_getRandomChar_succeed[69]" classname="com.revature.wordsaway.services.BoardServiceTest" time="0.001"/>
  <testcase name="test_getRandomChar_succeed[70]" classname="com.revature.wordsaway.services.BoardServiceTest" time="0"/>
  <testcase name="test_getRandomChar_succeed[71]" classname="com.revature.wordsaway.services.BoardServiceTest" time="0.001"/>
  <testcase name="test_getRandomChar_succeed[72]" classname="com.revature.wordsaway.services.BoardServiceTest" time="0.002"/>
  <testcase name="test_getRandomChar_succeed[73]" classname="com.revature.wordsaway.services.BoardServiceTest" time="0.001"/>
  <testcase name="test_getRandomChar_succeed[74]" classname="com.revature.wordsaway.services.BoardServiceTest" time="0.001"/>
  <testcase name="test_getRandomChar_succeed[75]" classname="com.revature.wordsaway.services.BoardServiceTest" time="0.001"/>
  <testcase name="test_getRandomChar_succeed[76]" classname="com.revature.wordsaway.services.BoardServiceTest" time="0.001"/>
  <testcase name="test_getRandomChar_succeed[77]" classname="com.revature.wordsaway.services.BoardServiceTest" time="0.002"/>
  <testcase name="test_getRandomChar_succeed[78]" classname="com.revature.wordsaway.services.BoardServiceTest" time="0.001"/>
  <testcase name="test_getRandomChar_succeed[79]" classname="com.revature.wordsaway.services.BoardServiceTest" time="0.001"/>
  <testcase name="test_getRandomChar_succeed[80]" classname="com.revature.wordsaway.services.BoardServiceTest" time="0"/>
  <testcase name="test_getRandomChar_succeed[81]" classname="com.revature.wordsaway.services.BoardServiceTest" time="0.001"/>
  <testcase name="test_getRandomChar_succeed[82]" classname="com.revature.wordsaway.services.BoardServiceTest" time="0.001"/>
  <testcase name="test_getRandomChar_succeed[83]" classname="com.revature.wordsaway.services.BoardServiceTest" time="0"/>
  <testcase name="test_getRandomChar_succeed[84]" classname="com.revature.wordsaway.services.BoardServiceTest" time="0.001"/>
  <testcase name="test_getRandomChar_succeed[85]" classname="com.revature.wordsaway.services.BoardServiceTest" time="0"/>
  <testcase name="test_getRandomChar_succeed[86]" classname="com.revature.wordsaway.services.BoardServiceTest" time="0"/>
  <testcase name="test_getRandomChar_succeed[87]" classname="com.revature.wordsaway.services.BoardServiceTest" time="0.001"/>
  <testcase name="test_getRandomChar_succeed[88]" classname="com.revature.wordsaway.services.BoardServiceTest" time="0"/>
  <testcase name="test_getRandomChar_succeed[89]" classname="com.revature.wordsaway.services.BoardServiceTest" time="0.001"/>
  <testcase name="test_getRandomChar_succeed[90]" classname="com.revature.wordsaway.services.BoardServiceTest" time="0"/>
  <testcase name="test_getRandomChar_succeed[91]" classname="com.revature.wordsaway.services.BoardServiceTest" time="0"/>
  <testcase name="test_getRandomChar_succeed[92]" classname="com.revature.wordsaway.services.BoardServiceTest" time="0"/>
  <testcase name="test_getRandomChar_succeed[93]" classname="com.revature.wordsaway.services.BoardServiceTest" time="0"/>
  <testcase name="test_getRandomChar_succeed[94]" classname="com.revature.wordsaway.services.BoardServiceTest" time="0.003"/>
  <testcase name="test_getRandomChar_succeed[95]" classname="com.revature.wordsaway.services.BoardServiceTest" time="0"/>
  <testcase name="test_getRandomChar_succeed[96]" classname="com.revature.wordsaway.services.BoardServiceTest" time="0.001"/>
  <testcase name="test_getRandomChar_succeed[97]" classname="com.revature.wordsaway.services.BoardServiceTest" time="0"/>
  <testcase name="test_getRandomChar_succeed[98]" classname="com.revature.wordsaway.services.BoardServiceTest" time="0"/>
  <testcase name="test_getRandomChar_succeed[99]" classname="com.revature.wordsaway.services.BoardServiceTest" time="0.001"/>
  <testcase name="test_getRandomChar_succeed[100]" classname="com.revature.wordsaway.services.BoardServiceTest" time="0"/>
  <testcase name="test_gameOver_duringGame" classname="com.revature.wordsaway.services.BoardServiceTest" time="0.006"/>
  <testcase name="test_validateMove_ConnectedShortVerticalFrontMoveOnBoardWithOneAsterisk_succeed" classname="com.revature.wordsaway.services.BoardServiceTest" time="0.006"/>
  <testcase name="test_validateMove_ConnectedLongVerticalFrontMoveOnBoardWithOneAsterisk_succeed" classname="com.revature.wordsaway.services.BoardServiceTest" time="0.005"/>
  <testcase name="test_validateMove_ConnectedShortVerticalFrontMoveOnBoardWithOneLetter_succeed" classname="com.revature.wordsaway.services.BoardServiceTest" time="0.007"/>
  <testcase name="test_validateMove_LongVerticalMoveOnBlankBoard_succeed{RepetitionInfo}[1]" classname="com.revature.wordsaway.services.BoardServiceTest" time="0.009"/>
  <testcase name="test_validateMove_LongVerticalMoveOnBlankBoard_succeed{RepetitionInfo}[2]" classname="com.revature.wordsaway.services.BoardServiceTest" time="0.004"/>
  <testcase name="test_validateMove_LongVerticalMoveOnBlankBoard_succeed{RepetitionInfo}[3]" classname="com.revature.wordsaway.services.BoardServiceTest" time="0.007"/>
  <testcase name="test_validateMove_LongVerticalMoveOnBlankBoard_succeed{RepetitionInfo}[4]" classname="com.revature.wordsaway.services.BoardServiceTest" time="0.008"/>
  <testcase name="test_validateMove_LongVerticalMoveOnBlankBoard_succeed{RepetitionInfo}[5]" classname="com.revature.wordsaway.services.BoardServiceTest" time="0.005"/>
  <testcase name="test_validateMove_LongVerticalMoveOnBlankBoard_succeed{RepetitionInfo}[6]" classname="com.revature.wordsaway.services.BoardServiceTest" time="0.006"/>
  <testcase name="test_validateMove_LongVerticalMoveOnBlankBoard_succeed{RepetitionInfo}[7]" classname="com.revature.wordsaway.services.BoardServiceTest" time="0.004"/>
  <testcase name="test_validateMove_LongVerticalMoveOnBlankBoard_succeed{RepetitionInfo}[8]" classname="com.revature.wordsaway.services.BoardServiceTest" time="0.005"/>
  <testcase name="test_validateMove_LongVerticalMoveOnBlankBoard_succeed{RepetitionInfo}[9]" classname="com.revature.wordsaway.services.BoardServiceTest" time="0.005"/>
  <testcase name="test_validateMove_LongVerticalMoveOnBlankBoard_succeed{RepetitionInfo}[10]" classname="com.revature.wordsaway.services.BoardServiceTest" time="0.004"/>
  <testcase name="test_validateMove_LongVerticalMoveOnBlankBoard_succeed{RepetitionInfo}[11]" classname="com.revature.wordsaway.services.BoardServiceTest" time="0.004"/>
  <testcase name="test_validateMove_LongVerticalMoveOnBlankBoard_succeed{RepetitionInfo}[12]" classname="com.revature.wordsaway.services.BoardServiceTest" time="0.004"/>
  <testcase name="test_validateMove_LongVerticalMoveOnBlankBoard_succeed{RepetitionInfo}[13]" classname="com.revature.wordsaway.services.BoardServiceTest" time="0.004"/>
  <testcase name="test_validateMove_LongVerticalMoveOnBlankBoard_succeed{RepetitionInfo}[14]" classname="com.revature.wordsaway.services.BoardServiceTest" time="0.004"/>
  <testcase name="test_validateMove_LongVerticalMoveOnBlankBoard_succeed{RepetitionInfo}[15]" classname="com.revature.wordsaway.services.BoardServiceTest" time="0.003"/>
  <testcase name="test_validateMove_LongVerticalMoveOnBlankBoard_succeed{RepetitionInfo}[16]" classname="com.revature.wordsaway.services.BoardServiceTest" time="0.005"/>
  <testcase name="test_validateMove_LongVerticalMoveOnBlankBoard_succeed{RepetitionInfo}[17]" classname="com.revature.wordsaway.services.BoardServiceTest" time="0.006"/>
  <testcase name="test_validateMove_LongVerticalMoveOnBlankBoard_succeed{RepetitionInfo}[18]" classname="com.revature.wordsaway.services.BoardServiceTest" time="0.004"/>
  <testcase name="test_validateMove_LongVerticalMoveOnBlankBoard_succeed{RepetitionInfo}[19]" classname="com.revature.wordsaway.services.BoardServiceTest" time="0.012"/>
  <testcase name="test_validateMove_LongVerticalMoveOnBlankBoard_succeed{RepetitionInfo}[20]" classname="com.revature.wordsaway.services.BoardServiceTest" time="0.009"/>
  <testcase name="test_validateMove_LongVerticalMoveOnBlankBoard_succeed{RepetitionInfo}[21]" classname="com.revature.wordsaway.services.BoardServiceTest" time="0.008"/>
  <testcase name="test_validateMove_LongVerticalMoveOnBlankBoard_succeed{RepetitionInfo}[22]" classname="com.revature.wordsaway.services.BoardServiceTest" time="0.004"/>
  <testcase name="test_validateMove_LongVerticalMoveOnBlankBoard_succeed{RepetitionInfo}[23]" classname="com.revature.wordsaway.services.BoardServiceTest" time="0.004"/>
  <testcase name="test_validateMove_LongVerticalMoveOnBlankBoard_succeed{RepetitionInfo}[24]" classname="com.revature.wordsaway.services.BoardServiceTest" time="0.007"/>
  <testcase name="test_validateMove_LongVerticalMoveOnBlankBoard_succeed{RepetitionInfo}[25]" classname="com.revature.wordsaway.services.BoardServiceTest" time="0.005"/>
  <testcase name="test_validateMove_LongVerticalMoveOnBlankBoard_succeed{RepetitionInfo}[26]" classname="com.revature.wordsaway.services.BoardServiceTest" time="0.004"/>
  <testcase name="test_validateMove_LongVerticalMoveOnBlankBoard_succeed{RepetitionInfo}[27]" classname="com.revature.wordsaway.services.BoardServiceTest" time="0.004"/>
  <testcase name="test_validateMove_LongVerticalMoveOnBlankBoard_succeed{RepetitionInfo}[28]" classname="com.revature.wordsaway.services.BoardServiceTest" time="0.005"/>
  <testcase name="test_validateMove_LongVerticalMoveOnBlankBoard_succeed{RepetitionInfo}[29]" classname="com.revature.wordsaway.services.BoardServiceTest" time="0.005"/>
  <testcase name="test_validateMove_LongVerticalMoveOnBlankBoard_succeed{RepetitionInfo}[30]" classname="com.revature.wordsaway.services.BoardServiceTest" time="0.004"/>
  <testcase name="test_validateMove_LongVerticalMoveOnBlankBoard_succeed{RepetitionInfo}[31]" classname="com.revature.wordsaway.services.BoardServiceTest" time="0.004"/>
  <testcase name="test_validateMove_LongVerticalMoveOnBlankBoard_succeed{RepetitionInfo}[32]" classname="com.revature.wordsaway.services.BoardServiceTest" time="0.004"/>
  <testcase name="test_validateMove_LongVerticalMoveOnBlankBoard_succeed{RepetitionInfo}[33]" classname="com.revature.wordsaway.services.BoardServiceTest" time="0.003"/>
  <testcase name="test_validateMove_LongVerticalMoveOnBlankBoard_succeed{RepetitionInfo}[34]" classname="com.revature.wordsaway.services.BoardServiceTest" time="0.003"/>
  <testcase name="test_validateMove_LongVerticalMoveOnBlankBoard_succeed{RepetitionInfo}[35]" classname="com.revature.wordsaway.services.BoardServiceTest" time="0.006"/>
  <testcase name="test_validateMove_LongVerticalMoveOnBlankBoard_succeed{RepetitionInfo}[36]" classname="com.revature.wordsaway.services.BoardServiceTest" time="0.005"/>
  <testcase name="test_validateMove_LongVerticalMoveOnBlankBoard_succeed{RepetitionInfo}[37]" classname="com.revature.wordsaway.services.BoardServiceTest" time="0.004"/>
  <testcase name="test_validateMove_LongVerticalMoveOnBlankBoard_succeed{RepetitionInfo}[38]" classname="com.revature.wordsaway.services.BoardServiceTest" time="0.004"/>
  <testcase name="test_validateMove_LongVerticalMoveOnBlankBoard_succeed{RepetitionInfo}[39]" classname="com.revature.wordsaway.services.BoardServiceTest" time="0.004"/>
  <testcase name="test_validateMove_LongVerticalMoveOnBlankBoard_succeed{RepetitionInfo}[40]" classname="com.revature.wordsaway.services.BoardServiceTest" time="0.004"/>
  <testcase name="test_validateMove_LongVerticalMoveOnBlankBoard_succeed{RepetitionInfo}[41]" classname="com.revature.wordsaway.services.BoardServiceTest" time="0.004"/>
  <testcase name="test_validateMove_LongVerticalMoveOnBlankBoard_succeed{RepetitionInfo}[42]" classname="com.revature.wordsaway.services.BoardServiceTest" time="0.004"/>
  <testcase name="test_validateMove_LongVerticalMoveOnBlankBoard_succeed{RepetitionInfo}[43]" classname="com.revature.wordsaway.services.BoardServiceTest" time="0.004"/>
  <testcase name="test_validateMove_LongVerticalMoveOnBlankBoard_succeed{RepetitionInfo}[44]" classname="com.revature.wordsaway.services.BoardServiceTest" time="0.003"/>
  <testcase name="test_validateMove_LongVerticalMoveOnBlankBoard_succeed{RepetitionInfo}[45]" classname="com.revature.wordsaway.services.BoardServiceTest" time="0.004"/>
  <testcase name="test_validateMove_LongVerticalMoveOnBlankBoard_succeed{RepetitionInfo}[46]" classname="com.revature.wordsaway.services.BoardServiceTest" time="0.004"/>
  <testcase name="test_validateMove_LongVerticalMoveOnBlankBoard_succeed{RepetitionInfo}[47]" classname="com.revature.wordsaway.services.BoardServiceTest" time="0.005"/>
  <testcase name="test_validateMove_LongVerticalMoveOnBlankBoard_succeed{RepetitionInfo}[48]" classname="com.revature.wordsaway.services.BoardServiceTest" time="0.004"/>
  <testcase name="test_validateMove_LongVerticalMoveOnBlankBoard_succeed{RepetitionInfo}[49]" classname="com.revature.wordsaway.services.BoardServiceTest" time="0.005"/>
  <testcase name="test_validateMove_LongVerticalMoveOnBlankBoard_succeed{RepetitionInfo}[50]" classname="com.revature.wordsaway.services.BoardServiceTest" time="0.004"/>
  <testcase name="test_validateMove_LongVerticalMoveOnBlankBoard_succeed{RepetitionInfo}[51]" classname="com.revature.wordsaway.services.BoardServiceTest" time="0.005"/>
  <testcase name="test_validateMove_LongVerticalMoveOnBlankBoard_succeed{RepetitionInfo}[52]" classname="com.revature.wordsaway.services.BoardServiceTest" time="0.005"/>
  <testcase name="test_validateMove_LongVerticalMoveOnBlankBoard_succeed{RepetitionInfo}[53]" classname="com.revature.wordsaway.services.BoardServiceTest" time="0.004"/>
  <testcase name="test_validateMove_LongVerticalMoveOnBlankBoard_succeed{RepetitionInfo}[54]" classname="com.revature.wordsaway.services.BoardServiceTest" time="0.004"/>
  <testcase name="test_validateMove_LongVerticalMoveOnBlankBoard_succeed{RepetitionInfo}[55]" classname="com.revature.wordsaway.services.BoardServiceTest" time="0.005"/>
  <testcase name="test_validateMove_LongVerticalMoveOnBlankBoard_succeed{RepetitionInfo}[56]" classname="com.revature.wordsaway.services.BoardServiceTest" time="0.005"/>
  <testcase name="test_validateMove_LongVerticalMoveOnBlankBoard_succeed{RepetitionInfo}[57]" classname="com.revature.wordsaway.services.BoardServiceTest" time="0.004"/>
  <testcase name="test_validateMove_LongVerticalMoveOnBlankBoard_succeed{RepetitionInfo}[58]" classname="com.revature.wordsaway.services.BoardServiceTest" time="0.004"/>
  <testcase name="test_validateMove_LongVerticalMoveOnBlankBoard_succeed{RepetitionInfo}[59]" classname="com.revature.wordsaway.services.BoardServiceTest" time="0.004"/>
  <testcase name="test_validateMove_LongVerticalMoveOnBlankBoard_succeed{RepetitionInfo}[60]" classname="com.revature.wordsaway.services.BoardServiceTest" time="0.004"/>
  <testcase name="test_validateMove_LongVerticalMoveOnBlankBoard_succeed{RepetitionInfo}[61]" classname="com.revature.wordsaway.services.BoardServiceTest" time="0.004"/>
  <testcase name="test_validateMove_LongVerticalMoveOnBlankBoard_succeed{RepetitionInfo}[62]" classname="com.revature.wordsaway.services.BoardServiceTest" time="0.004"/>
  <testcase name="test_validateMove_LongVerticalMoveOnBlankBoard_succeed{RepetitionInfo}[63]" classname="com.revature.wordsaway.services.BoardServiceTest" time="0.004"/>
  <testcase name="test_validateMove_LongVerticalMoveOnBlankBoard_succeed{RepetitionInfo}[64]" classname="com.revature.wordsaway.services.BoardServiceTest" time="0.004"/>
  <testcase name="test_validateMove_LongVerticalMoveOnBlankBoard_succeed{RepetitionInfo}[65]" classname="com.revature.wordsaway.services.BoardServiceTest" time="0.004"/>
  <testcase name="test_validateMove_LongVerticalMoveOnBlankBoard_succeed{RepetitionInfo}[66]" classname="com.revature.wordsaway.services.BoardServiceTest" time="0.004"/>
  <testcase name="test_validateMove_LongVerticalMoveOnBlankBoard_succeed{RepetitionInfo}[67]" classname="com.revature.wordsaway.services.BoardServiceTest" time="0.004"/>
  <testcase name="test_validateMove_LongVerticalMoveOnBlankBoard_succeed{RepetitionInfo}[68]" classname="com.revature.wordsaway.services.BoardServiceTest" time="0.004"/>
  <testcase name="test_validateMove_LongVerticalMoveOnBlankBoard_succeed{RepetitionInfo}[69]" classname="com.revature.wordsaway.services.BoardServiceTest" time="0.005"/>
  <testcase name="test_validateMove_LongVerticalMoveOnBlankBoard_succeed{RepetitionInfo}[70]" classname="com.revature.wordsaway.services.BoardServiceTest" time="0.004"/>
  <testcase name="test_validateMove_LongVerticalMoveOnBlankBoard_succeed{RepetitionInfo}[71]" classname="com.revature.wordsaway.services.BoardServiceTest" time="0.004"/>
  <testcase name="test_validateMove_LongVerticalMoveOnBlankBoard_succeed{RepetitionInfo}[72]" classname="com.revature.wordsaway.services.BoardServiceTest" time="0.005"/>
  <testcase name="test_validateMove_LongVerticalMoveOnBlankBoard_succeed{RepetitionInfo}[73]" classname="com.revature.wordsaway.services.BoardServiceTest" time="0.005"/>
  <testcase name="test_validateMove_LongVerticalMoveOnBlankBoard_succeed{RepetitionInfo}[74]" classname="com.revature.wordsaway.services.BoardServiceTest" time="0.005"/>
  <testcase name="test_validateMove_LongVerticalMoveOnBlankBoard_succeed{RepetitionInfo}[75]" classname="com.revature.wordsaway.services.BoardServiceTest" time="0.005"/>
  <testcase name="test_validateMove_LongVerticalMoveOnBlankBoard_succeed{RepetitionInfo}[76]" classname="com.revature.wordsaway.services.BoardServiceTest" time="0.005"/>
  <testcase name="test_validateMove_LongVerticalMoveOnBlankBoard_succeed{RepetitionInfo}[77]" classname="com.revature.wordsaway.services.BoardServiceTest" time="0.005"/>
  <testcase name="test_validateMove_LongVerticalMoveOnBlankBoard_succeed{RepetitionInfo}[78]" classname="com.revature.wordsaway.services.BoardServiceTest" time="0.004"/>
  <testcase name="test_validateMove_LongVerticalMoveOnBlankBoard_succeed{RepetitionInfo}[79]" classname="com.revature.wordsaway.services.BoardServiceTest" time="0.004"/>
  <testcase name="test_validateMove_LongVerticalMoveOnBlankBoard_succeed{RepetitionInfo}[80]" classname="com.revature.wordsaway.services.BoardServiceTest" time="0.004"/>
  <testcase name="test_validateMove_LongVerticalMoveOnBlankBoard_succeed{RepetitionInfo}[81]" classname="com.revature.wordsaway.services.BoardServiceTest" time="0.005"/>
  <testcase name="test_validateMove_LongVerticalMoveOnBlankBoard_succeed{RepetitionInfo}[82]" classname="com.revature.wordsaway.services.BoardServiceTest" time="0.004"/>
  <testcase name="test_validateMove_LongVerticalMoveOnBlankBoard_succeed{RepetitionInfo}[83]" classname="com.revature.wordsaway.services.BoardServiceTest" time="0.004"/>
  <testcase name="test_validateMove_LongVerticalMoveOnBlankBoard_succeed{RepetitionInfo}[84]" classname="com.revature.wordsaway.services.BoardServiceTest" time="0.004"/>
  <testcase name="test_validateMove_LongVerticalMoveOnBlankBoard_succeed{RepetitionInfo}[85]" classname="com.revature.wordsaway.services.BoardServiceTest" time="0.005"/>
  <testcase name="test_validateMove_LongVerticalMoveOnBlankBoard_succeed{RepetitionInfo}[86]" classname="com.revature.wordsaway.services.BoardServiceTest" time="0.006"/>
  <testcase name="test_validateMove_LongVerticalMoveOnBlankBoard_succeed{RepetitionInfo}[87]" classname="com.revature.wordsaway.services.BoardServiceTest" time="0.005"/>
  <testcase name="test_validateMove_LongVerticalMoveOnBlankBoard_succeed{RepetitionInfo}[88]" classname="com.revature.wordsaway.services.BoardServiceTest" time="0.004"/>
  <testcase name="test_validateMove_LongVerticalMoveOnBlankBoard_succeed{RepetitionInfo}[89]" classname="com.revature.wordsaway.services.BoardServiceTest" time="0.005"/>
  <testcase name="test_validateMove_LongVerticalMoveOnBlankBoard_succeed{RepetitionInfo}[90]" classname="com.revature.wordsaway.services.BoardServiceTest" time="0.004"/>
  <testcase name="test_validateMove_LongVerticalMoveOnBlankBoard_succeed{RepetitionInfo}[91]" classname="com.revature.wordsaway.services.BoardServiceTest" time="0.005"/>
  <testcase name="test_validateMove_LongVerticalMoveOnBlankBoard_succeed{RepetitionInfo}[92]" classname="com.revature.wordsaway.services.BoardServiceTest" time="0.005"/>
  <testcase name="test_validateMove_LongVerticalMoveOnBlankBoard_succeed{RepetitionInfo}[93]" classname="com.revature.wordsaway.services.BoardServiceTest" time="0.006"/>
  <testcase name="test_validateMove_LongVerticalMoveOnBlankBoard_succeed{RepetitionInfo}[94]" classname="com.revature.wordsaway.services.BoardServiceTest" time="0.005"/>
  <testcase name="test_validateMove_LongVerticalMoveOnBlankBoard_succeed{RepetitionInfo}[95]" classname="com.revature.wordsaway.services.BoardServiceTest" time="0.005"/>
  <testcase name="test_validateMove_LongVerticalMoveOnBlankBoard_succeed{RepetitionInfo}[96]" classname="com.revature.wordsaway.services.BoardServiceTest" time="0.005"/>
  <testcase name="test_validateMove_LongVerticalMoveOnBlankBoard_succeed{RepetitionInfo}[97]" classname="com.revature.wordsaway.services.BoardServiceTest" time="0.014"/>
  <testcase name="test_validateMove_LongVerticalMoveOnBlankBoard_succeed{RepetitionInfo}[98]" classname="com.revature.wordsaway.services.BoardServiceTest" time="0.008"/>
  <testcase name="test_validateMove_LongVerticalMoveOnBlankBoard_succeed{RepetitionInfo}[99]" classname="com.revature.wordsaway.services.BoardServiceTest" time="0.005"/>
  <testcase name="test_validateMove_LongVerticalMoveOnBlankBoard_succeed{RepetitionInfo}[100]" classname="com.revature.wordsaway.services.BoardServiceTest" time="0.006"/>
  <testcase name="test_validateMove_LongVerticalMoveOnBlankBoard_succeed{RepetitionInfo}[101]" classname="com.revature.wordsaway.services.BoardServiceTest" time="0.005"/>
  <testcase name="test_validateMove_LongVerticalMoveOnBlankBoard_succeed{RepetitionInfo}[102]" classname="com.revature.wordsaway.services.BoardServiceTest" time="0.005"/>
  <testcase name="test_validateMove_LongVerticalMoveOnBlankBoard_succeed{RepetitionInfo}[103]" classname="com.revature.wordsaway.services.BoardServiceTest" time="0.004"/>
  <testcase name="test_validateMove_LongVerticalMoveOnBlankBoard_succeed{RepetitionInfo}[104]" classname="com.revature.wordsaway.services.BoardServiceTest" time="0.005"/>
  <testcase name="test_validateMove_LongVerticalMoveOnBlankBoard_succeed{RepetitionInfo}[105]" classname="com.revature.wordsaway.services.BoardServiceTest" time="0.013"/>
  <testcase name="test_validateMove_LongVerticalMoveOnBlankBoard_succeed{RepetitionInfo}[106]" classname="com.revature.wordsaway.services.BoardServiceTest" time="0.006"/>
  <testcase name="test_validateMove_LongVerticalMoveOnBlankBoard_succeed{RepetitionInfo}[107]" classname="com.revature.wordsaway.services.BoardServiceTest" time="0.005"/>
  <testcase name="test_validateMove_LongVerticalMoveOnBlankBoard_succeed{RepetitionInfo}[108]" classname="com.revature.wordsaway.services.BoardServiceTest" time="0.054"/>
  <testcase name="test_validateMove_LongVerticalMoveOnBlankBoard_succeed{RepetitionInfo}[109]" classname="com.revature.wordsaway.services.BoardServiceTest" time="0.012"/>
  <testcase name="test_validateMove_LongVerticalMoveOnBlankBoard_succeed{RepetitionInfo}[110]" classname="com.revature.wordsaway.services.BoardServiceTest" time="0.005"/>
  <testcase name="test_validateMove_LongVerticalMoveOnBlankBoard_succeed{RepetitionInfo}[111]" classname="com.revature.wordsaway.services.BoardServiceTest" time="0.011"/>
  <testcase name="test_validateMove_LongVerticalMoveOnBlankBoard_succeed{RepetitionInfo}[112]" classname="com.revature.wordsaway.services.BoardServiceTest" time="0.008"/>
  <testcase name="test_validateMove_LongVerticalMoveOnBlankBoard_succeed{RepetitionInfo}[113]" classname="com.revature.wordsaway.services.BoardServiceTest" time="0.007"/>
  <testcase name="test_validateMove_LongVerticalMoveOnBlankBoard_succeed{RepetitionInfo}[114]" classname="com.revature.wordsaway.services.BoardServiceTest" time="0.01"/>
  <testcase name="test_validateMove_LongVerticalMoveOnBlankBoard_succeed{RepetitionInfo}[115]" classname="com.revature.wordsaway.services.BoardServiceTest" time="0.009"/>
  <testcase name="test_validateMove_LongVerticalMoveOnBlankBoard_succeed{RepetitionInfo}[116]" classname="com.revature.wordsaway.services.BoardServiceTest" time="0.009"/>
  <testcase name="test_validateMove_LongVerticalMoveOnBlankBoard_succeed{RepetitionInfo}[117]" classname="com.revature.wordsaway.services.BoardServiceTest" time="0.006"/>
  <testcase name="test_validateMove_LongVerticalMoveOnBlankBoard_succeed{RepetitionInfo}[118]" classname="com.revature.wordsaway.services.BoardServiceTest" time="0.004"/>
  <testcase name="test_validateMove_LongVerticalMoveOnBlankBoard_succeed{RepetitionInfo}[119]" classname="com.revature.wordsaway.services.BoardServiceTest" time="0.004"/>
  <testcase name="test_validateMove_LongVerticalMoveOnBlankBoard_succeed{RepetitionInfo}[120]" classname="com.revature.wordsaway.services.BoardServiceTest" time="0.003"/>
  <testcase name="test_validateMove_LongVerticalMoveOnBlankBoard_succeed{RepetitionInfo}[121]" classname="com.revature.wordsaway.services.BoardServiceTest" time="0.004"/>
  <testcase name="test_validateMove_LongVerticalMoveOnBlankBoard_succeed{RepetitionInfo}[122]" classname="com.revature.wordsaway.services.BoardServiceTest" time="0.004"/>
  <testcase name="test_validateMove_LongVerticalMoveOnBlankBoard_succeed{RepetitionInfo}[123]" classname="com.revature.wordsaway.services.BoardServiceTest" time="0.004"/>
  <testcase name="test_validateMove_LongVerticalMoveOnBlankBoard_succeed{RepetitionInfo}[124]" classname="com.revature.wordsaway.services.BoardServiceTest" time="0.004"/>
[...]
  <testcase name="test_validateMove_UnconnectedLongVerticalMoveOnBoardWithOneLetter_succeed{RepetitionInfo}[161]" classname="com.revature.wordsaway.services.BoardServiceTest" time="0.004"/>
  <testcase name="test_validateMove_UnconnectedLongVerticalMoveOnBoardWithOneLetter_succeed{RepetitionInfo}[162]" classname="com.revature.wordsaway.services.BoardServiceTest" time="0.003"/>
  <testcase name="test_validateMove_UnconnectedLongVerticalMoveOnBoardWithOneLetter_succeed{RepetitionInfo}[163]" classname="com.revature.wordsaway.services.BoardServiceTest" time="0.003"/>
  <testcase name="test_validateMove_UnconnectedLongVerticalMoveOnBoardWithOneLetter_succeed{RepetitionInfo}[164]" classname="com.revature.wordsaway.services.BoardServiceTest" time="0.004"/>
  <testcase name="test_validateMove_UnconnectedLongVerticalMoveOnBoardWithOneLetter_succeed{RepetitionInfo}[165]" classname="com.revature.wordsaway.services.BoardServiceTest" time="0.003"/>
  <testcase name="test_validateMove_UnconnectedLongVerticalMoveOnBoardWithOneLetter_succeed{RepetitionInfo}[166]" classname="com.revature.wordsaway.services.BoardServiceTest" time="0.004"/>
  <testcase name="test_validateMove_UnconnectedLongVerticalMoveOnBoardWithOneLetter_succeed{RepetitionInfo}[167]" classname="com.revature.wordsaway.services.BoardServiceTest" time="0.004"/>
  <testcase name="test_validateMove_UnconnectedLongVerticalMoveOnBoardWithOneLetter_succeed{RepetitionInfo}[168]" classname="com.revature.wordsaway.services.BoardServiceTest" time="0.004"/>
  <testcase name="test_validateMove_UnconnectedLongVerticalMoveOnBoardWithOneLetter_succeed{RepetitionInfo}[169]" classname="com.revature.wordsaway.services.BoardServiceTest" time="0.004"/>
  <testcase name="test_validateMove_UnconnectedLongVerticalMoveOnBoardWithOneLetter_succeed{RepetitionInfo}[170]" classname="com.revature.wordsaway.services.BoardServiceTest" time="0.004"/>
  <testcase name="test_validateMove_UnconnectedLongVerticalMoveOnBoardWithOneLetter_succeed{RepetitionInfo}[171]" classname="com.revature.wordsaway.services.BoardServiceTest" time="0.003"/>
  <testcase name="test_validateMove_UnconnectedLongVerticalMoveOnBoardWithOneLetter_succeed{RepetitionInfo}[172]" classname="com.revature.wordsaway.services.BoardServiceTest" time="0.004"/>
  <testcase name="test_validateMove_UnconnectedLongVerticalMoveOnBoardWithOneLetter_succeed{RepetitionInfo}[173]" classname="com.revature.wordsaway.services.BoardServiceTest" time="0.003"/>
  <testcase name="test_validateMove_UnconnectedLongVerticalMoveOnBoardWithOneLetter_succeed{RepetitionInfo}[174]" classname="com.revature.wordsaway.services.BoardServiceTest" time="0.004"/>
  <testcase name="test_validateMove_UnconnectedLongVerticalMoveOnBoardWithOneLetter_succeed{RepetitionInfo}[175]" classname="com.revature.wordsaway.services.BoardServiceTest" time="0.003"/>
  <testcase name="test_validateMove_UnconnectedLongVerticalMoveOnBoardWithOneLetter_succeed{RepetitionInfo}[176]" classname="com.revature.wordsaway.services.BoardServiceTest" time="0.003"/>
  <testcase name="test_validateMove_UnconnectedLongVerticalMoveOnBoardWithOneLetter_succeed{RepetitionInfo}[177]" classname="com.revature.wordsaway.services.BoardServiceTest" time="0.003"/>
  <testcase name="test_validateMove_UnconnectedLongVerticalMoveOnBoardWithOneLetter_succeed{RepetitionInfo}[178]" classname="com.revature.wordsaway.services.BoardServiceTest" time="0.003"/>
  <testcase name="test_validateMove_UnconnectedLongVerticalMoveOnBoardWithOneLetter_succeed{RepetitionInfo}[179]" classname="com.revature.wordsaway.services.BoardServiceTest" time="0.004"/>
  <testcase name="test_validateMove_UnconnectedLongVerticalMoveOnBoardWithOneLetter_succeed{RepetitionInfo}[180]" classname="com.revature.wordsaway.services.BoardServiceTest" time="0.003"/>
  <testcase name="test_validateMove_UnconnectedLongVerticalMoveOnBoardWithOneLetter_succeed{RepetitionInfo}[181]" classname="com.revature.wordsaway.services.BoardServiceTest" time="0.004"/>
  <testcase name="test_validateMove_UnconnectedLongVerticalMoveOnBoardWithOneLetter_succeed{RepetitionInfo}[182]" classname="com.revature.wordsaway.services.BoardServiceTest" time="0.003"/>
  <testcase name="test_validateMove_UnconnectedLongVerticalMoveOnBoardWithOneLetter_succeed{RepetitionInfo}[183]" classname="com.revature.wordsaway.services.BoardServiceTest" time="0.004"/>
  <testcase name="test_validateMove_UnconnectedLongVerticalMoveOnBoardWithOneLetter_succeed{RepetitionInfo}[184]" classname="com.revature.wordsaway.services.BoardServiceTest" time="0.003"/>
  <testcase name="test_validateMove_UnconnectedLongVerticalMoveOnBoardWithOneLetter_succeed{RepetitionInfo}[185]" classname="com.revature.wordsaway.services.BoardServiceTest" time="0.004"/>
  <testcase name="test_validateMove_UnconnectedLongVerticalMoveOnBoardWithOneLetter_succeed{RepetitionInfo}[186]" classname="com.revature.wordsaway.services.BoardServiceTest" time="0.004"/>
  <testcase name="test_validateMove_UnconnectedLongVerticalMoveOnBoardWithOneLetter_succeed{RepetitionInfo}[187]" classname="com.revature.wordsaway.services.BoardServiceTest" time="0.003"/>
  <testcase name="test_validateMove_UnconnectedLongVerticalMoveOnBoardWithOneLetter_succeed{RepetitionInfo}[188]" classname="com.revature.wordsaway.services.BoardServiceTest" time="0.004"/>
  <testcase name="test_validateMove_UnconnectedLongVerticalMoveOnBoardWithOneLetter_succeed{RepetitionInfo}[189]" classname="com.revature.wordsaway.services.BoardServiceTest" time="0.003"/>
  <testcase name="test_validateMove_UnconnectedLongVerticalMoveOnBoardWithOneLetter_succeed{RepetitionInfo}[190]" classname="com.revature.wordsaway.services.BoardServiceTest" time="0.004"/>
  <testcase name="test_validateMove_UnconnectedLongVerticalMoveOnBoardWithOneLetter_succeed{RepetitionInfo}[191]" classname="com.revature.wordsaway.services.BoardServiceTest" time="0.003"/>
  <testcase name="test_validateMove_UnconnectedLongVerticalMoveOnBoardWithOneLetter_succeed{RepetitionInfo}[192]" classname="com.revature.wordsaway.services.BoardServiceTest" time="0.004"/>
  <testcase name="test_validateMove_UnconnectedLongVerticalMoveOnBoardWithOneLetter_succeed{RepetitionInfo}[193]" classname="com.revature.wordsaway.services.BoardServiceTest" time="0.004"/>
  <testcase name="test_validateMove_UnconnectedLongVerticalMoveOnBoardWithOneLetter_succeed{RepetitionInfo}[194]" classname="com.revature.wordsaway.services.BoardServiceTest" time="0.003"/>
  <testcase name="test_validateMove_UnconnectedLongVerticalMoveOnBoardWithOneLetter_succeed{RepetitionInfo}[195]" classname="com.revature.wordsaway.services.BoardServiceTest" time="0.004"/>
  <testcase name="test_validateMove_UnconnectedLongVerticalMoveOnBoardWithOneLetter_succeed{RepetitionInfo}[196]" classname="com.revature.wordsaway.services.BoardServiceTest" time="0.003"/>
  <testcase name="test_validateMove_UnconnectedLongVerticalMoveOnBoardWithOneLetter_succeed{RepetitionInfo}[197]" classname="com.revature.wordsaway.services.BoardServiceTest" time="0.004"/>
  <testcase name="test_validateMove_UnconnectedLongVerticalMoveOnBoardWithOneLetter_succeed{RepetitionInfo}[198]" classname="com.revature.wordsaway.services.BoardServiceTest" time="0.003"/>
  <testcase name="test_validateMove_UnconnectedLongVerticalMoveOnBoardWithOneLetter_succeed{RepetitionInfo}[199]" classname="com.revature.wordsaway.services.BoardServiceTest" time="0.004"/>
  <testcase name="test_validateMove_UnconnectedLongVerticalMoveOnBoardWithOneLetter_succeed{RepetitionInfo}[200]" classname="com.revature.wordsaway.services.BoardServiceTest" time="0.003"/>
  <testcase name="test_validateMove_UnconnectedLongVerticalMoveOnBoardWithOneLetter_succeed{RepetitionInfo}[201]" classname="com.revature.wordsaway.services.BoardServiceTest" time="0.003"/>
  <testcase name="test_validateMove_UnconnectedLongVerticalMoveOnBoardWithOneLetter_succeed{RepetitionInfo}[202]" classname="com.revature.wordsaway.services.BoardServiceTest" time="0.004"/>
  <testcase name="test_validateMove_UnconnectedLongVerticalMoveOnBoardWithOneLetter_succeed{RepetitionInfo}[203]" classname="com.revature.wordsaway.services.BoardServiceTest" time="0.003"/>
  <testcase name="test_validateMove_UnconnectedLongVerticalMoveOnBoardWithOneLetter_succeed{RepetitionInfo}[204]" classname="com.revature.wordsaway.services.BoardServiceTest" time="0.003"/>
  <testcase name="test_validateMove_UnconnectedLongVerticalMoveOnBoardWithOneLetter_succeed{RepetitionInfo}[205]" classname="com.revature.wordsaway.services.BoardServiceTest" time="0.003"/>
  <testcase name="test_validateMove_UnconnectedLongVerticalMoveOnBoardWithOneLetter_succeed{RepetitionInfo}[206]" classname="com.revature.wordsaway.services.BoardServiceTest" time="0.004"/>
  <testcase name="test_validateMove_UnconnectedLongVerticalMoveOnBoardWithOneLetter_succeed{RepetitionInfo}[207]" classname="com.revature.wordsaway.services.BoardServiceTest" time="0.003"/>
  <testcase name="test_validateMove_UnconnectedLongVerticalMoveOnBoardWithOneLetter_succeed{RepetitionInfo}[208]" classname="com.revature.wordsaway.services.BoardServiceTest" time="0.004"/>
  <testcase name="test_validateMove_UnconnectedLongVerticalMoveOnBoardWithOneLetter_succeed{RepetitionInfo}[209]" classname="com.revature.wordsaway.services.BoardServiceTest" time="0"/>
  <testcase name="test_validateMove_UnconnectedLongVerticalMoveOnBoardWithOneLetter_succeed{RepetitionInfo}[210]" classname="com.revature.wordsaway.services.BoardServiceTest" time="0"/>
  <testcase name="test_validateMove_UnconnectedLongVerticalMoveOnBoardWithOneLetter_succeed{RepetitionInfo}[211]" classname="com.revature.wordsaway.services.BoardServiceTest" time="0.001"/>
  <testcase name="test_validateMove_UnconnectedLongVerticalMoveOnBoardWithOneLetter_succeed{RepetitionInfo}[212]" classname="com.revature.wordsaway.services.BoardServiceTest" time="0"/>
  <testcase name="test_validateMove_UnconnectedLongVerticalMoveOnBoardWithOneLetter_succeed{RepetitionInfo}[213]" classname="com.revature.wordsaway.services.BoardServiceTest" time="0"/>
  <testcase name="test_validateMove_UnconnectedLongVerticalMoveOnBoardWithOneLetter_succeed{RepetitionInfo}[214]" classname="com.revature.wordsaway.services.BoardServiceTest" time="0.001"/>
  <testcase name="test_validateMove_UnconnectedLongVerticalMoveOnBoardWithOneLetter_succeed{RepetitionInfo}[215]" classname="com.revature.wordsaway.services.BoardServiceTest" time="0"/>
  <testcase name="test_validateMove_UnconnectedLongVerticalMoveOnBoardWithOneLetter_succeed{RepetitionInfo}[216]" classname="com.revature.wordsaway.services.BoardServiceTest" time="0"/>
  <testcase name="test_validateMove_UnconnectedLongVerticalMoveOnBoardWithOneLetter_succeed{RepetitionInfo}[217]" classname="com.revature.wordsaway.services.BoardServiceTest" time="0.001"/>
  <testcase name="test_validateMove_UnconnectedLongVerticalMoveOnBoardWithOneLetter_succeed{RepetitionInfo}[218]" classname="com.revature.wordsaway.services.BoardServiceTest" time="0"/>
  <testcase name="test_validateMove_UnconnectedLongVerticalMoveOnBoardWithOneLetter_succeed{RepetitionInfo}[219]" classname="com.revature.wordsaway.services.BoardServiceTest" time="0"/>
  <testcase name="test_validateMove_UnconnectedLongVerticalMoveOnBoardWithOneLetter_succeed{RepetitionInfo}[220]" classname="com.revature.wordsaway.services.BoardServiceTest" time="0.001"/>
  <testcase name="test_validateMove_UnconnectedLongVerticalMoveOnBoardWithOneLetter_succeed{RepetitionInfo}[221]" classname="com.revature.wordsaway.services.BoardServiceTest" time="0"/>
  <testcase name="test_validateMove_UnconnectedLongVerticalMoveOnBoardWithOneLetter_succeed{RepetitionInfo}[222]" classname="com.revature.wordsaway.services.BoardServiceTest" time="0"/>
  <testcase name="test_validateMove_UnconnectedLongVerticalMoveOnBoardWithOneLetter_succeed{RepetitionInfo}[223]" classname="com.revature.wordsaway.services.BoardServiceTest" time="0"/>
  <testcase name="test_validateMove_UnconnectedLongVerticalMoveOnBoardWithOneLetter_succeed{RepetitionInfo}[224]" classname="com.revature.wordsaway.services.BoardServiceTest" time="0"/>
  <testcase name="test_validateMove_UnconnectedLongVerticalMoveOnBoardWithOneLetter_succeed{RepetitionInfo}[225]" classname="com.revature.wordsaway.services.BoardServiceTest" time="0.001"/>
  <testcase name="test_validateMove_UnconnectedLongVerticalMoveOnBoardWithOneLetter_succeed{RepetitionInfo}[226]" classname="com.revature.wordsaway.services.BoardServiceTest" time="0"/>
  <testcase name="test_validateMove_UnconnectedLongVerticalMoveOnBoardWithOneLetter_succeed{RepetitionInfo}[227]" classname="com.revature.wordsaway.services.BoardServiceTest" time="0"/>
  <testcase name="test_validateMove_UnconnectedLongVerticalMoveOnBoardWithOneLetter_succeed{RepetitionInfo}[228]" classname="com.revature.wordsaway.services.BoardServiceTest" time="0.001"/>
  <testcase name="test_validateMove_UnconnectedLongVerticalMoveOnBoardWithOneLetter_succeed{RepetitionInfo}[229]" classname="com.revature.wordsaway.services.BoardServiceTest" time="0"/>
  <testcase name="test_validateMove_UnconnectedLongVerticalMoveOnBoardWithOneLetter_succeed{RepetitionInfo}[230]" classname="com.revature.wordsaway.services.BoardServiceTest" time="0"/>
  <testcase name="test_validateMove_UnconnectedLongVerticalMoveOnBoardWithOneLetter_succeed{RepetitionInfo}[231]" classname="com.revature.wordsaway.services.BoardServiceTest" time="0.001"/>
  <testcase name="test_validateMove_UnconnectedLongVerticalMoveOnBoardWithOneLetter_succeed{RepetitionInfo}[232]" classname="com.revature.wordsaway.services.BoardServiceTest" time="0"/>
  <testcase name="test_validateMove_UnconnectedLongVerticalMoveOnBoardWithOneLetter_succeed{RepetitionInfo}[233]" classname="com.revature.wordsaway.services.BoardServiceTest" time="0"/>
  <testcase name="test_validateMove_UnconnectedLongVerticalMoveOnBoardWithOneLetter_succeed{RepetitionInfo}[234]" classname="com.revature.wordsaway.services.BoardServiceTest" time="0.001"/>
  <testcase name="test_validateMove_UnconnectedLongVerticalMoveOnBoardWithOneLetter_succeed{RepetitionInfo}[235]" classname="com.revature.wordsaway.services.BoardServiceTest" time="0"/>
  <testcase name="test_validateMove_UnconnectedLongVerticalMoveOnBoardWithOneLetter_succeed{RepetitionInfo}[236]" classname="com.revature.wordsaway.services.BoardServiceTest" time="0"/>
  <testcase name="test_validateMove_UnconnectedLongVerticalMoveOnBoardWithOneLetter_succeed{RepetitionInfo}[237]" classname="com.revature.wordsaway.services.BoardServiceTest" time="0.001"/>
  <testcase name="test_validateMove_UnconnectedLongVerticalMoveOnBoardWithOneLetter_succeed{RepetitionInfo}[238]" classname="com.revature.wordsaway.services.BoardServiceTest" time="0"/>
  <testcase name="test_validateMove_UnconnectedLongVerticalMoveOnBoardWithOneLetter_succeed{RepetitionInfo}[239]" classname="com.revature.wordsaway.services.BoardServiceTest" time="0"/>
  <testcase name="test_validateMove_UnconnectedLongVerticalMoveOnBoardWithOneLetter_succeed{RepetitionInfo}[240]" classname="com.revature.wordsaway.services.BoardServiceTest" time="0.001"/>
  <testcase name="test_validateMove_UnconnectedLongVerticalMoveOnBoardWithOneLetter_succeed{RepetitionInfo}[241]" classname="com.revature.wordsaway.services.BoardServiceTest" time="0"/>
  <testcase name="test_validateMove_UnconnectedLongVerticalMoveOnBoardWithOneLetter_succeed{RepetitionInfo}[242]" classname="com.revature.wordsaway.services.BoardServiceTest" time="0"/>
  <testcase name="test_validateMove_UnconnectedLongVerticalMoveOnBoardWithOneLetter_succeed{RepetitionInfo}[243]" classname="com.revature.wordsaway.services.BoardServiceTest" time="0.001"/>
  <testcase name="test_validateMove_UnconnectedLongVerticalMoveOnBoardWithOneLetter_succeed{RepetitionInfo}[244]" classname="com.revature.wordsaway.services.BoardServiceTest" time="0"/>
  <testcase name="test_validateMove_UnconnectedLongVerticalMoveOnBoardWithOneLetter_succeed{RepetitionInfo}[245]" classname="com.revature.wordsaway.services.BoardServiceTest" time="0"/>
  <testcase name="test_validateMove_UnconnectedLongVerticalMoveOnBoardWithOneLetter_succeed{RepetitionInfo}[246]" classname="com.revature.wordsaway.services.BoardServiceTest" time="0.001"/>
  <testcase name="test_validateMove_UnconnectedLongVerticalMoveOnBoardWithOneLetter_succeed{RepetitionInfo}[247]" classname="com.revature.wordsaway.services.BoardServiceTest" time="0"/>
  <testcase name="test_validateMove_UnconnectedLongVerticalMoveOnBoardWithOneLetter_succeed{RepetitionInfo}[248]" classname="com.revature.wordsaway.services.BoardServiceTest" time="0"/>
  <testcase name="test_validateMove_UnconnectedLongVerticalMoveOnBoardWithOneLetter_succeed{RepetitionInfo}[249]" classname="com.revature.wordsaway.services.BoardServiceTest" time="0"/>
  <testcase name="test_validateMove_UnconnectedLongVerticalMoveOnBoardWithOneLetter_succeed{RepetitionInfo}[250]" classname="com.revature.wordsaway.services.BoardServiceTest" time="0"/>
  <testcase name="test_validateMove_UnconnectedLongVerticalMoveOnBoardWithOneLetter_succeed{RepetitionInfo}[251]" classname="com.revature.wordsaway.services.BoardServiceTest" time="0"/>
  <testcase name="test_validateMove_UnconnectedLongVerticalMoveOnBoardWithOneLetter_succeed{RepetitionInfo}[252]" classname="com.revature.wordsaway.services.BoardServiceTest" time="0"/>
  <testcase name="test_validateMove_UnconnectedLongVerticalMoveOnBoardWithOneLetter_succeed{RepetitionInfo}[253]" classname="com.revature.wordsaway.services.BoardServiceTest" time="0"/>
  <testcase name="test_validateMove_UnconnectedLongVerticalMoveOnBoardWithOneLetter_succeed{RepetitionInfo}[254]" classname="com.revature.wordsaway.services.BoardServiceTest" time="0"/>
  <testcase name="test_validateMove_UnconnectedLongVerticalMoveOnBoardWithOneLetter_succeed{RepetitionInfo}[255]" classname="com.revature.wordsaway.services.BoardServiceTest" time="0.001"/>
  <testcase name="test_validateMove_UnconnectedLongVerticalMoveOnBoardWithOneLetter_succeed{RepetitionInfo}[256]" classname="com.revature.wordsaway.services.BoardServiceTest" time="0"/>
  <testcase name="test_getChecked_VerticalMoveOnBoardWithSome2PointLetters_succeed" classname="com.revature.wordsaway.services.BoardServiceTest" time="0.001"/>
  <testcase name="test_getCheckedOn_VerticalMoveBoardWithA3PointLetter_succeed" classname="com.revature.wordsaway.services.BoardServiceTest" time="0"/>
  <testcase name="test_getByGameID_succeed" classname="com.revature.wordsaway.services.BoardServiceTest" time="0.002"/>
  <testcase name="test_validateMove_ConnectedLongHorizontalBackMoveOnBoardWithOneLetter_succeed" classname="com.revature.wordsaway.services.BoardServiceTest" time="0.004"/>
  <testcase name="test_getCheckedOnBoardWithOneAsterisk_succeed" classname="com.revature.wordsaway.services.BoardServiceTest" time="0"/>
  <testcase name="test_validateMove_ConnectedAsteriskHorizontalBackMoveOnBoardWithOneLetter_succeed" classname="com.revature.wordsaway.services.BoardServiceTest" time="0.004"/>
  <testcase name="test_validateMove_ConnectedShortHorizontalBackMoveOnBoardWithOneLetter_succeed" classname="com.revature.wordsaway.services.BoardServiceTest" time="0.004"/>
  <testcase name="test_calculateELO_WinWithMoreELO_succeed" classname="com.revature.wordsaway.services.BoardServiceTest" time="0.001"/>
  <testcase name="test_getOpposingBoard_fail" classname="com.revature.wordsaway.services.BoardServiceTest" time="0.001"/>
  <testcase name="test_validateMove_ConnectedLongVerticalAroundMoveOnBoardWithOneLetter_succeed" classname="com.revature.wordsaway.services.BoardServiceTest" time="0.004"/>
  <testcase name="test_validateMove_ConnectedLongVerticalBetweenMoveOnBoardWithThreeAsterisks_succeed" classname="com.revature.wordsaway.services.BoardServiceTest" time="0.004"/>
  <testcase name="test_validateMove_ConnectedAsteriskHorizontalFrontMoveOnBoardWithOneLetter_succeed" classname="com.revature.wordsaway.services.BoardServiceTest" time="0.003"/>
</testsuite>